#-----------------------------------------------------------
# Vivado v2018.2 (64-bit)
# SW Build 2258646 on Thu Jun 14 20:03:12 MDT 2018
# IP Build 2256618 on Thu Jun 14 22:10:49 MDT 2018
# Start of session at: Wed Mar 20 08:04:41 2019
# Process ID: 3404
# Current directory: C:/Users/jeffe/Desktop/Lab Project/Final V3/Real-Time Voice Scope
# Command line: vivado.exe -gui_launcher_event rodinguilauncherevent18780 C:\Users\jeffe\Desktop\Lab Project\Final V3\Real-Time Voice Scope\Real-Time Voice Scope.xpr
# Log file: C:/Users/jeffe/Desktop/Lab Project/Final V3/Real-Time Voice Scope/vivado.log
# Journal file: C:/Users/jeffe/Desktop/Lab Project/Final V3/Real-Time Voice Scope\vivado.jou
#-----------------------------------------------------------
start_gui
open_project {C:/Users/jeffe/Desktop/Lab Project/Final V3/Real-Time Voice Scope/Real-Time Voice Scope.xpr}
Scanning sources...
Finished scanning sources
INFO: [IP_Flow 19-234] Refreshing IP repositories
INFO: [IP_Flow 19-1704] No user IP repositories specified
INFO: [IP_Flow 19-2313] Loaded Vivado IP repository 'C:/Xilinx/Vivado/2018.2/data/ip'.
open_project: Time (s): cpu = 00:00:12 ; elapsed = 00:00:05 . Memory (MB): peak = 861.234 ; gain = 134.797
exit
INFO: [Common 17-206] Exiting Vivado at Wed Mar 20 08:07:38 2019...
