#-----------------------------------------------------------
# Vivado v2018.2 (64-bit)
# SW Build 2258646 on Thu Jun 14 20:03:12 MDT 2018
# IP Build 2256618 on Thu Jun 14 22:10:49 MDT 2018
# Start of session at: Thu Mar 28 23:08:35 2019
# Process ID: 19408
# Current directory: D:/NUS/ee2026lab/EE2026_project_old
# Command line: vivado.exe -gui_launcher_event rodinguilauncherevent21132 D:\NUS\ee2026lab\EE2026_project_old\EE2026_project_old.xpr
# Log file: D:/NUS/ee2026lab/EE2026_project_old/vivado.log
# Journal file: D:/NUS/ee2026lab/EE2026_project_old\vivado.jou
#-----------------------------------------------------------
start_gui
open_project D:/NUS/ee2026lab/EE2026_project_old/EE2026_project_old.xpr
Scanning sources...
Finished scanning sources
INFO: [IP_Flow 19-234] Refreshing IP repositories
INFO: [IP_Flow 19-1704] No user IP repositories specified
INFO: [IP_Flow 19-2313] Loaded Vivado IP repository 'D:/VivadoHLX/Vivado/2018.2/data/ip'.
open_project: Time (s): cpu = 00:00:14 ; elapsed = 00:00:06 . Memory (MB): peak = 882.363 ; gain = 133.965
update_compile_order -fileset sources_1
exit
INFO: [Common 17-206] Exiting Vivado at Thu Mar 28 23:09:10 2019...
