#-----------------------------------------------------------
# Vivado v2018.2 (64-bit)
# SW Build 2258646 on Thu Jun 14 20:03:12 MDT 2018
# IP Build 2256618 on Thu Jun 14 22:10:49 MDT 2018
# Start of session at: Wed Apr  3 12:10:18 2019
# Process ID: 21376
# Current directory: D:/NUS/ee2026lab/EE2026_project_old
# Command line: vivado.exe -gui_launcher_event rodinguilauncherevent18864 D:\NUS\ee2026lab\EE2026_project_old\EE2026_project_old.xpr
# Log file: D:/NUS/ee2026lab/EE2026_project_old/vivado.log
# Journal file: D:/NUS/ee2026lab/EE2026_project_old\vivado.jou
#-----------------------------------------------------------
start_gui
open_project D:/NUS/ee2026lab/EE2026_project_old/EE2026_project_old.xpr
Scanning sources...
Finished scanning sources
INFO: [IP_Flow 19-234] Refreshing IP repositories
INFO: [IP_Flow 19-1704] No user IP repositories specified
INFO: [IP_Flow 19-2313] Loaded Vivado IP repository 'D:/VivadoHLX/Vivado/2018.2/data/ip'.
open_project: Time (s): cpu = 00:00:10 ; elapsed = 00:00:20 . Memory (MB): peak = 767.320 ; gain = 87.504
update_compile_order -fileset sources_1
update_compile_order -fileset sources_1
update_compile_order -fileset sources_1
update_compile_order -fileset sources_1
reset_run synth_1
launch_runs impl_1 -to_step write_bitstream -jobs 12
[Wed Apr  3 12:26:05 2019] Launched synth_1...
Run output will be captured here: D:/NUS/ee2026lab/EE2026_project_old/EE2026_project_old.runs/synth_1/runme.log
[Wed Apr  3 12:26:05 2019] Launched impl_1...
Run output will be captured here: D:/NUS/ee2026lab/EE2026_project_old/EE2026_project_old.runs/impl_1/runme.log
reset_run synth_1
launch_runs impl_1 -to_step write_bitstream -jobs 12
[Wed Apr  3 12:32:29 2019] Launched synth_1...
Run output will be captured here: D:/NUS/ee2026lab/EE2026_project_old/EE2026_project_old.runs/synth_1/runme.log
[Wed Apr  3 12:32:29 2019] Launched impl_1...
Run output will be captured here: D:/NUS/ee2026lab/EE2026_project_old/EE2026_project_old.runs/impl_1/runme.log
