Copyright 1986-2018 Xilinx, Inc. All Rights Reserved.
--------------------------------------------------------------------------------------------
| Tool Version : Vivado v.2018.2 (win64) Build 2258646 Thu Jun 14 20:03:12 MDT 2018
| Date         : Fri Oct 12 14:57:12 2018
| Host         : KHLim running 64-bit major release  (build 9200)
| Command      : report_control_sets -verbose -file Voice_Scope_TOP_control_sets_placed.rpt
| Design       : Voice_Scope_TOP
| Device       : xc7a35t
--------------------------------------------------------------------------------------------

Control Set Information

Table of Contents
-----------------
1. Summary
2. Histogram
3. Flip-Flop Distribution
4. Detailed Control Set Information

1. Summary
----------

+----------------------------------------------------------+-------+
|                          Status                          | Count |
+----------------------------------------------------------+-------+
| Number of unique control sets                            |    28 |
| Unused register locations in slices containing registers |    10 |
+----------------------------------------------------------+-------+


2. Histogram
------------

+--------+--------------+
| Fanout | Control Sets |
+--------+--------------+
|      4 |            1 |
|    16+ |           27 |
+--------+--------------+


3. Flip-Flop Distribution
-------------------------

+--------------+-----------------------+------------------------+-----------------+--------------+
| Clock Enable | Synchronous Set/Reset | Asynchronous Set/Reset | Total Registers | Total Slices |
+--------------+-----------------------+------------------------+-----------------+--------------+
| No           | No                    | No                     |             126 |           26 |
| No           | No                    | Yes                    |               0 |            0 |
| No           | Yes                   | No                     |             104 |           13 |
| Yes          | No                    | No                     |               0 |            0 |
| Yes          | No                    | Yes                    |               0 |            0 |
| Yes          | Yes                   | No                     |              24 |            3 |
+--------------+-----------------------+------------------------+-----------------+--------------+


4. Detailed Control Set Information
-----------------------------------

+-------------------------------------+--------------------------------------------------+-------------------------------------+------------------+----------------+
|             Clock Signal            |                   Enable Signal                  |           Set/Reset Signal          | Slice Load Count | Bel Load Count |
+-------------------------------------+--------------------------------------------------+-------------------------------------+------------------+----------------+
|  CLK_IBUF_BUFG                      |                                                  |                                     |                2 |              4 |
|  VGA_DISPLAY/VGA_CLK_108M/clk_out1  | VGA_DISPLAY/VGA_CONTROL/eqOp2_in                 | VGA_DISPLAY/VGA_CONTROL/v_cntr_reg0 |                3 |             24 |
| ~voice_capturer_01/J_MIC3_Pin4_OBUF |                                                  |                                     |                5 |             24 |
|  CLK_IBUF_BUFG                      |                                                  | J_MIC3_Pin1_OBUF_BUFG               |                3 |             24 |
|  J_MIC3_Pin1_OBUF_BUFG              | waveform/Sample_Memory_reg_0_63_0_2_i_4_n_0      |                                     |                4 |             28 |
|  J_MIC3_Pin1_OBUF_BUFG              | waveform/Sample_Memory_reg_1216_1279_0_2_i_1_n_0 |                                     |                4 |             28 |
|  J_MIC3_Pin1_OBUF_BUFG              | waveform/Sample_Memory_reg_128_191_0_2_i_1_n_0   |                                     |                4 |             28 |
|  J_MIC3_Pin1_OBUF_BUFG              | waveform/Sample_Memory_reg_192_255_0_2_i_1_n_0   |                                     |                4 |             28 |
|  J_MIC3_Pin1_OBUF_BUFG              | waveform/Sample_Memory_reg_1024_1087_0_2_i_1_n_0 |                                     |                4 |             28 |
|  J_MIC3_Pin1_OBUF_BUFG              | waveform/Sample_Memory_reg_1088_1151_0_2_i_1_n_0 |                                     |                4 |             28 |
|  J_MIC3_Pin1_OBUF_BUFG              | waveform/Sample_Memory_reg_1152_1215_0_2_i_1_n_0 |                                     |                4 |             28 |
|  J_MIC3_Pin1_OBUF_BUFG              | waveform/Sample_Memory_reg_448_511_0_2_i_1_n_0   |                                     |                4 |             28 |
|  J_MIC3_Pin1_OBUF_BUFG              | waveform/Sample_Memory_reg_384_447_0_2_i_1_n_0   |                                     |                4 |             28 |
|  J_MIC3_Pin1_OBUF_BUFG              | waveform/Sample_Memory_reg_512_575_0_2_i_1_n_0   |                                     |                4 |             28 |
|  J_MIC3_Pin1_OBUF_BUFG              | waveform/Sample_Memory_reg_320_383_0_2_i_1_n_0   |                                     |                4 |             28 |
|  J_MIC3_Pin1_OBUF_BUFG              | waveform/Sample_Memory_reg_256_319_0_2_i_1_n_0   |                                     |                4 |             28 |
|  J_MIC3_Pin1_OBUF_BUFG              | waveform/Sample_Memory_reg_576_639_0_2_i_1_n_0   |                                     |                4 |             28 |
|  J_MIC3_Pin1_OBUF_BUFG              | waveform/Sample_Memory_reg_896_959_0_2_i_1_n_0   |                                     |                4 |             28 |
|  J_MIC3_Pin1_OBUF_BUFG              | waveform/Sample_Memory_reg_704_767_0_2_i_1_n_0   |                                     |                4 |             28 |
|  J_MIC3_Pin1_OBUF_BUFG              | waveform/Sample_Memory_reg_64_127_0_2_i_1_n_0    |                                     |                4 |             28 |
|  J_MIC3_Pin1_OBUF_BUFG              | waveform/Sample_Memory_reg_640_703_0_2_i_1_n_0   |                                     |                4 |             28 |
|  J_MIC3_Pin1_OBUF_BUFG              | waveform/Sample_Memory_reg_768_831_0_2_i_1_n_0   |                                     |                4 |             28 |
|  J_MIC3_Pin1_OBUF_BUFG              | waveform/Sample_Memory_reg_832_895_0_2_i_1_n_0   |                                     |                4 |             28 |
|  J_MIC3_Pin1_OBUF_BUFG              | waveform/Sample_Memory_reg_960_1023_0_2_i_1_n_0  |                                     |                4 |             28 |
|  VGA_DISPLAY/VGA_CLK_108M/clk_out1  |                                                  |                                     |                7 |             32 |
|  VGA_DISPLAY/VGA_CLK_108M/clk_out1  |                                                  | VGA_DISPLAY/VGA_CONTROL/eqOp2_in    |                4 |             32 |
|  CLK_IBUF_BUFG                      |                                                  | clk_div_01/clear                    |                6 |             48 |
|  J_MIC3_Pin1_OBUF_BUFG              |                                                  |                                     |               12 |             66 |
+-------------------------------------+--------------------------------------------------+-------------------------------------+------------------+----------------+


