#-----------------------------------------------------------
# Vivado v2018.2 (64-bit)
# SW Build 2258646 on Thu Jun 14 20:03:12 MDT 2018
# IP Build 2256618 on Thu Jun 14 22:10:49 MDT 2018
# Start of session at: Sat Apr  6 01:12:41 2019
# Process ID: 10952
# Current directory: C:/Users/Admin/Documents/GitHub/EE2026_proj/Previous Build/4.4.19 Build 2 Dan/EE2026_project_old
# Command line: vivado.exe -gui_launcher_event rodinguilauncherevent16492 C:\Users\Admin\Documents\GitHub\EE2026_proj\Previous Build\4.4.19 Build 2 Dan\EE2026_project_old\EE2026_project_old.xpr
# Log file: C:/Users/Admin/Documents/GitHub/EE2026_proj/Previous Build/4.4.19 Build 2 Dan/EE2026_project_old/vivado.log
# Journal file: C:/Users/Admin/Documents/GitHub/EE2026_proj/Previous Build/4.4.19 Build 2 Dan/EE2026_project_old\vivado.jou
#-----------------------------------------------------------
start_gui
open_project {C:/Users/Admin/Documents/GitHub/EE2026_proj/Previous Build/4.4.19 Build 2 Dan/EE2026_project_old/EE2026_project_old.xpr}
INFO: [ProjectBase 1-489] The host OS only allows 260 characters in a normal path. The project is stored in a path with more than 80 characters. If you experience issues with IP, Block Designs, or files not being found, please consider moving the project to a location with a shorter path. Alternately consider using the OS subst command to map part of the path to a drive letter.
Current project path is 'C:/Users/Admin/Documents/GitHub/EE2026_proj/Previous Build/4.4.19 Build 2 Dan/EE2026_project_old'
INFO: [Project 1-313] Project file moved from 'D:/NUS/ee2026lab/EE2026_project_old' since last save.
WARNING: [Project 1-312] File not found as 'C:/Users/Admin/Documents/GitHub/EE2026_proj/Previous Build/4.4.19 Build 2 Dan/EE2026_Project/archive_project_summary.txt'; using path 'D:/NUS/ee2026lab/EE2026_Project/archive_project_summary.txt' instead.
Scanning sources...
Finished scanning sources
WARNING: [Project 1-312] File not found as 'C:/Users/Admin/Documents/GitHub/EE2026_proj/Previous Build/4.4.19 Build 2 Dan/EE2026_Project/archive_project_summary.txt'; using path 'D:/NUS/ee2026lab/EE2026_Project/archive_project_summary.txt' instead.
WARNING: [Project 1-312] File not found as 'C:/Users/Admin/Documents/GitHub/EE2026_proj/Previous Build/4.4.19 Build 2 Dan/EE2026_Project/archive_project_summary.txt'; using path 'D:/NUS/ee2026lab/EE2026_Project/archive_project_summary.txt' instead.
INFO: [IP_Flow 19-234] Refreshing IP repositories
INFO: [IP_Flow 19-1704] No user IP repositories specified
INFO: [IP_Flow 19-2313] Loaded Vivado IP repository 'D:/VivadoHLX/Vivado/2018.2/data/ip'.
open_project: Time (s): cpu = 00:00:20 ; elapsed = 00:00:09 . Memory (MB): peak = 878.527 ; gain = 137.934
update_compile_order -fileset sources_1
exit
INFO: [Common 17-206] Exiting Vivado at Sat Apr  6 01:13:50 2019...
