#-----------------------------------------------------------
# Vivado v2018.2 (64-bit)
# SW Build 2258646 on Thu Jun 14 20:03:12 MDT 2018
# IP Build 2256618 on Thu Jun 14 22:10:49 MDT 2018
# Start of session at: Sun Oct 14 02:06:52 2018
# Process ID: 1444
# Current directory: C:/Users/KH/Documents/KH/NUS/EE2026/LAB/Lab Project/Voice_Scope_Project_Template.xpr/Wednesday_Lim_Kah_Hwee_A0184034L_Report
# Command line: vivado.exe -gui_launcher_event rodinguilauncherevent10700 C:\Users\KH\Documents\KH\NUS\EE2026\LAB\Lab Project\Voice_Scope_Project_Template.xpr\Wednesday_Lim_Kah_Hwee_A0184034L_Report\Wednesday_Lim_Kah_Hwee_A0184034L_Report.xpr
# Log file: C:/Users/KH/Documents/KH/NUS/EE2026/LAB/Lab Project/Voice_Scope_Project_Template.xpr/Wednesday_Lim_Kah_Hwee_A0184034L_Report/vivado.log
# Journal file: C:/Users/KH/Documents/KH/NUS/EE2026/LAB/Lab Project/Voice_Scope_Project_Template.xpr/Wednesday_Lim_Kah_Hwee_A0184034L_Report\vivado.jou
#-----------------------------------------------------------
start_gui
open_project {C:/Users/KH/Documents/KH/NUS/EE2026/LAB/Lab Project/Voice_Scope_Project_Template.xpr/Wednesday_Lim_Kah_Hwee_A0184034L_Report/Wednesday_Lim_Kah_Hwee_A0184034L_Report.xpr}
INFO: [ProjectBase 1-489] The host OS only allows 260 characters in a normal path. The project is stored in a path with more than 80 characters. If you experience issues with IP, Block Designs, or files not being found, please consider moving the project to a location with a shorter path. Alternately consider using the OS subst command to map part of the path to a drive letter.
Current project path is 'C:/Users/KH/Documents/KH/NUS/EE2026/LAB/Lab Project/Voice_Scope_Project_Template.xpr/Wednesday_Lim_Kah_Hwee_A0184034L_Report'
Scanning sources...
Finished scanning sources
WARNING: [filemgmt 56-3] IPUserFilesDir: Could not find the directory 'C:/Users/KH/Documents/KH/NUS/EE2026/LAB/Lab Project/Voice_Scope_Project_Template.xpr/Wednesday_Lim_Kah_Hwee_A0184034L_Report/Wednesday_Lim_Kah_Hwee_A0184034L_Report.ip_user_files'.
INFO: [IP_Flow 19-234] Refreshing IP repositories
INFO: [IP_Flow 19-1704] No user IP repositories specified
INFO: [IP_Flow 19-2313] Loaded Vivado IP repository 'C:/Xilinx/Vivado/2018.2/data/ip'.
open_project: Time (s): cpu = 00:00:17 ; elapsed = 00:00:15 . Memory (MB): peak = 760.469 ; gain = 72.664
update_compile_order -fileset sources_1
archive_project {C:/Users/KH/Documents/KH/NUS/EE2026/LAB/Lab Project/Voice_Scope_Project_Template.xpr/Wednesday_Lim_Kah_Hwee_A0184034L_Report.xpr.zip} -temp_dir {C:/Users/KH/Documents/KH/NUS/EE2026/LAB/Lab Project/Voice_Scope_Project_Template.xpr/Wednesday_Lim_Kah_Hwee_A0184034L_Report/.Xil/Vivado-1444-KHLim} -force -include_local_ip_cache -include_config_settings
INFO: [Coretcl 2-137] starting archive...
INFO: [Coretcl 2-1499] Saving project copy to temporary location 'C:/Users/KH/Documents/KH/NUS/EE2026/LAB/Lab Project/Voice_Scope_Project_Template.xpr/Wednesday_Lim_Kah_Hwee_A0184034L_Report/.Xil/Vivado-1444-KHLim' for archiving project
INFO: [ProjectBase 1-489] The host OS only allows 260 characters in a normal path. The project is stored in a path with more than 80 characters. If you experience issues with IP, Block Designs, or files not being found, please consider moving the project to a location with a shorter path. Alternately consider using the OS subst command to map part of the path to a drive letter.
Current project path is 'C:/Users/KH/Documents/KH/NUS/EE2026/LAB/Lab Project/Voice_Scope_Project_Template.xpr/Wednesday_Lim_Kah_Hwee_A0184034L_Report'
Scanning sources...
Finished scanning sources
WARNING: [filemgmt 56-3] IPUserFilesDir: Could not find the directory 'C:/Users/KH/Documents/KH/NUS/EE2026/LAB/Lab Project/Voice_Scope_Project_Template.xpr/Wednesday_Lim_Kah_Hwee_A0184034L_Report/Wednesday_Lim_Kah_Hwee_A0184034L_Report.ip_user_files'.
INFO: [Coretcl 2-1211] Creating project copy for archival...
INFO: [ProjectBase 1-495] The host OS only allows 260 characters in a normal path. The project is stored in a path with more than 80 characters. If you experience any problem with archiving the project, please consider setting environment variable $TEMP to a shorter path.
Current project path is 'C:/Users/KH/Documents/KH/NUS/EE2026/LAB/Lab Project/Voice_Scope_Project_Template.xpr/Wednesday_Lim_Kah_Hwee_A0184034L_Report/.Xil/Vivado-1444-KHLim/PrjAr/_X_'.
INFO: [Coretcl 2-1213] Including run results for 'synth_1'
INFO: [Coretcl 2-1213] Including run results for 'impl_1'
INFO: [Coretcl 2-1212] Importing remotely added design sources and verilog include files (if any)...
INFO: [filemgmt 20-334] All file(s) are already imported in fileset: 'constrs_1'
INFO: [filemgmt 20-348] Importing the appropriate files for fileset: 'constrs_1'
INFO: [filemgmt 20-348] Importing the appropriate files for fileset: 'sources_1'
WARNING: [Coretcl 2-232] Detected issues while importing sources. Closing temporary saved as project...
ERROR: [Coretcl 2-230] (archive_project): Received exception while importing sources. Please check for any errors reported in the Tcl Console.
archive_project {C:/Users/KH/Documents/KH/NUS/EE2026/LAB/Lab Project/Voice_Scope_Project_Template.xpr/Wednesday_Lim_Kah_Hwee_A0184034L_Report.xpr.zip} -temp_dir {C:/Users/KH/Documents/KH/NUS/EE2026/LAB/Lab Project/Voice_Scope_Project_Template.xpr/Wednesday_Lim_Kah_Hwee_A0184034L_Report/.Xil/Vivado-1444-KHLim} -force -include_local_ip_cache -include_config_settings
INFO: [Coretcl 2-137] starting archive...
INFO: [Coretcl 2-1499] Saving project copy to temporary location 'C:/Users/KH/Documents/KH/NUS/EE2026/LAB/Lab Project/Voice_Scope_Project_Template.xpr/Wednesday_Lim_Kah_Hwee_A0184034L_Report/.Xil/Vivado-1444-KHLim' for archiving project
INFO: [ProjectBase 1-489] The host OS only allows 260 characters in a normal path. The project is stored in a path with more than 80 characters. If you experience issues with IP, Block Designs, or files not being found, please consider moving the project to a location with a shorter path. Alternately consider using the OS subst command to map part of the path to a drive letter.
Current project path is 'C:/Users/KH/Documents/KH/NUS/EE2026/LAB/Lab Project/Voice_Scope_Project_Template.xpr/Wednesday_Lim_Kah_Hwee_A0184034L_Report'
Scanning sources...
Finished scanning sources
WARNING: [filemgmt 56-3] IPUserFilesDir: Could not find the directory 'C:/Users/KH/Documents/KH/NUS/EE2026/LAB/Lab Project/Voice_Scope_Project_Template.xpr/Wednesday_Lim_Kah_Hwee_A0184034L_Report/Wednesday_Lim_Kah_Hwee_A0184034L_Report.ip_user_files'.
INFO: [Coretcl 2-1211] Creating project copy for archival...
INFO: [ProjectBase 1-495] The host OS only allows 260 characters in a normal path. The project is stored in a path with more than 80 characters. If you experience any problem with archiving the project, please consider setting environment variable $TEMP to a shorter path.
Current project path is 'C:/Users/KH/Documents/KH/NUS/EE2026/LAB/Lab Project/Voice_Scope_Project_Template.xpr/Wednesday_Lim_Kah_Hwee_A0184034L_Report/.Xil/Vivado-1444-KHLim/PrjAr/_X_'.
INFO: [Coretcl 2-1213] Including run results for 'synth_1'
INFO: [Coretcl 2-1213] Including run results for 'impl_1'
INFO: [Coretcl 2-1212] Importing remotely added design sources and verilog include files (if any)...
INFO: [filemgmt 20-334] All file(s) are already imported in fileset: 'constrs_1'
INFO: [filemgmt 20-348] Importing the appropriate files for fileset: 'constrs_1'
INFO: [filemgmt 20-348] Importing the appropriate files for fileset: 'sources_1'
WARNING: [Coretcl 2-232] Detected issues while importing sources. Closing temporary saved as project...
ERROR: [Coretcl 2-230] (archive_project): Received exception while importing sources. Please check for any errors reported in the Tcl Console.
archive_project {C:/Users/KH/Documents/KH/NUS/EE2026/LAB/Lab Project/Voice_Scope_Project_Template.xpr/Wednesday_Lim_Kah_Hwee_A0184034L_Report.xpr.zip} -temp_dir {C:/Users/KH/Documents/KH/NUS/EE2026/LAB/Lab Project/Voice_Scope_Project_Template.xpr/Wednesday_Lim_Kah_Hwee_A0184034L_Report/.Xil/Vivado-1444-KHLim} -force -include_local_ip_cache -include_config_settings
INFO: [Coretcl 2-137] starting archive...
INFO: [Coretcl 2-1499] Saving project copy to temporary location 'C:/Users/KH/Documents/KH/NUS/EE2026/LAB/Lab Project/Voice_Scope_Project_Template.xpr/Wednesday_Lim_Kah_Hwee_A0184034L_Report/.Xil/Vivado-1444-KHLim' for archiving project
INFO: [ProjectBase 1-489] The host OS only allows 260 characters in a normal path. The project is stored in a path with more than 80 characters. If you experience issues with IP, Block Designs, or files not being found, please consider moving the project to a location with a shorter path. Alternately consider using the OS subst command to map part of the path to a drive letter.
Current project path is 'C:/Users/KH/Documents/KH/NUS/EE2026/LAB/Lab Project/Voice_Scope_Project_Template.xpr/Wednesday_Lim_Kah_Hwee_A0184034L_Report'
Scanning sources...
Finished scanning sources
WARNING: [filemgmt 56-3] IPUserFilesDir: Could not find the directory 'C:/Users/KH/Documents/KH/NUS/EE2026/LAB/Lab Project/Voice_Scope_Project_Template.xpr/Wednesday_Lim_Kah_Hwee_A0184034L_Report/Wednesday_Lim_Kah_Hwee_A0184034L_Report.ip_user_files'.
INFO: [Coretcl 2-1211] Creating project copy for archival...
INFO: [ProjectBase 1-495] The host OS only allows 260 characters in a normal path. The project is stored in a path with more than 80 characters. If you experience any problem with archiving the project, please consider setting environment variable $TEMP to a shorter path.
Current project path is 'C:/Users/KH/Documents/KH/NUS/EE2026/LAB/Lab Project/Voice_Scope_Project_Template.xpr/Wednesday_Lim_Kah_Hwee_A0184034L_Report/.Xil/Vivado-1444-KHLim/PrjAr/_X_'.
INFO: [Coretcl 2-1213] Including run results for 'synth_1'
INFO: [Coretcl 2-1213] Including run results for 'impl_1'
INFO: [Coretcl 2-1212] Importing remotely added design sources and verilog include files (if any)...
INFO: [filemgmt 20-334] All file(s) are already imported in fileset: 'constrs_1'
INFO: [filemgmt 20-348] Importing the appropriate files for fileset: 'constrs_1'
INFO: [filemgmt 20-348] Importing the appropriate files for fileset: 'sources_1'
WARNING: [Coretcl 2-232] Detected issues while importing sources. Closing temporary saved as project...
ERROR: [Coretcl 2-230] (archive_project): Received exception while importing sources. Please check for any errors reported in the Tcl Console.
archive_project {C:/Users/KH/Documents/KH/NUS/EE2026/LAB/Lab Project/Wednesday_Lim_Kah_Hwee_A0184034L_Report.xpr.zip} -temp_dir {C:/Users/KH/Documents/KH/NUS/EE2026/LAB/Lab Project/Voice_Scope_Project_Template.xpr/Wednesday_Lim_Kah_Hwee_A0184034L_Report/.Xil/Vivado-1444-KHLim} -force -include_local_ip_cache -include_config_settings
INFO: [Coretcl 2-137] starting archive...
INFO: [Coretcl 2-1499] Saving project copy to temporary location 'C:/Users/KH/Documents/KH/NUS/EE2026/LAB/Lab Project/Voice_Scope_Project_Template.xpr/Wednesday_Lim_Kah_Hwee_A0184034L_Report/.Xil/Vivado-1444-KHLim' for archiving project
INFO: [ProjectBase 1-489] The host OS only allows 260 characters in a normal path. The project is stored in a path with more than 80 characters. If you experience issues with IP, Block Designs, or files not being found, please consider moving the project to a location with a shorter path. Alternately consider using the OS subst command to map part of the path to a drive letter.
Current project path is 'C:/Users/KH/Documents/KH/NUS/EE2026/LAB/Lab Project/Voice_Scope_Project_Template.xpr/Wednesday_Lim_Kah_Hwee_A0184034L_Report'
Scanning sources...
Finished scanning sources
WARNING: [filemgmt 56-3] IPUserFilesDir: Could not find the directory 'C:/Users/KH/Documents/KH/NUS/EE2026/LAB/Lab Project/Voice_Scope_Project_Template.xpr/Wednesday_Lim_Kah_Hwee_A0184034L_Report/Wednesday_Lim_Kah_Hwee_A0184034L_Report.ip_user_files'.
INFO: [Coretcl 2-1211] Creating project copy for archival...
INFO: [ProjectBase 1-495] The host OS only allows 260 characters in a normal path. The project is stored in a path with more than 80 characters. If you experience any problem with archiving the project, please consider setting environment variable $TEMP to a shorter path.
Current project path is 'C:/Users/KH/Documents/KH/NUS/EE2026/LAB/Lab Project/Voice_Scope_Project_Template.xpr/Wednesday_Lim_Kah_Hwee_A0184034L_Report/.Xil/Vivado-1444-KHLim/PrjAr/_X_'.
INFO: [Coretcl 2-1213] Including run results for 'synth_1'
INFO: [Coretcl 2-1213] Including run results for 'impl_1'
INFO: [Coretcl 2-1212] Importing remotely added design sources and verilog include files (if any)...
INFO: [filemgmt 20-334] All file(s) are already imported in fileset: 'constrs_1'
INFO: [filemgmt 20-348] Importing the appropriate files for fileset: 'constrs_1'
INFO: [filemgmt 20-348] Importing the appropriate files for fileset: 'sources_1'
WARNING: [Coretcl 2-232] Detected issues while importing sources. Closing temporary saved as project...
ERROR: [Coretcl 2-230] (archive_project): Received exception while importing sources. Please check for any errors reported in the Tcl Console.
archive_project C:/Users/KH/Documents/KH/NUS/EE2026/LAB/Wednesday_Lim_Kah_Hwee_A0184034L_Report.xpr.zip -temp_dir C:/Users/KH/Documents/KH/NUS/EE2026/LAB -force -include_local_ip_cache -include_config_settings
INFO: [Coretcl 2-137] starting archive...
INFO: [Coretcl 2-1499] Saving project copy to temporary location 'C:/Users/KH/Documents/KH/NUS/EE2026/LAB' for archiving project
INFO: [ProjectBase 1-489] The host OS only allows 260 characters in a normal path. The project is stored in a path with more than 80 characters. If you experience issues with IP, Block Designs, or files not being found, please consider moving the project to a location with a shorter path. Alternately consider using the OS subst command to map part of the path to a drive letter.
Current project path is 'C:/Users/KH/Documents/KH/NUS/EE2026/LAB/Lab Project/Voice_Scope_Project_Template.xpr/Wednesday_Lim_Kah_Hwee_A0184034L_Report'
Scanning sources...
Finished scanning sources
WARNING: [filemgmt 56-3] IPUserFilesDir: Could not find the directory 'C:/Users/KH/Documents/KH/NUS/EE2026/LAB/Lab Project/Voice_Scope_Project_Template.xpr/Wednesday_Lim_Kah_Hwee_A0184034L_Report/Wednesday_Lim_Kah_Hwee_A0184034L_Report.ip_user_files'.
INFO: [Coretcl 2-1211] Creating project copy for archival...
INFO: [Coretcl 2-1213] Including run results for 'synth_1'
INFO: [Coretcl 2-1213] Including run results for 'impl_1'
INFO: [Coretcl 2-1212] Importing remotely added design sources and verilog include files (if any)...
INFO: [filemgmt 20-334] All file(s) are already imported in fileset: 'constrs_1'
INFO: [filemgmt 20-348] Importing the appropriate files for fileset: 'constrs_1'
INFO: [filemgmt 20-348] Importing the appropriate files for fileset: 'sources_1'
WARNING: [Coretcl 2-232] Detected issues while importing sources. Closing temporary saved as project...
ERROR: [Coretcl 2-230] (archive_project): Received exception while importing sources. Please check for any errors reported in the Tcl Console.
exit
INFO: [Common 17-206] Exiting Vivado at Sun Oct 14 02:18:32 2018...
