#-----------------------------------------------------------
# Vivado v2018.2 (64-bit)
# SW Build 2258646 on Thu Jun 14 20:03:12 MDT 2018
# IP Build 2256618 on Thu Jun 14 22:10:49 MDT 2018
# Start of session at: Wed Oct 10 11:30:38 2018
# Process ID: 7528
# Current directory: C:/Users/KH/Documents/KH/NUS/EE2026/LAB/Lab Project/Voice_Scope_Project_Template.xpr/Wednesday_Lim_Kah_Hwee_A0184034L_Report
# Command line: vivado.exe -gui_launcher_event rodinguilauncherevent12820 C:\Users\KH\Documents\KH\NUS\EE2026\LAB\Lab Project\Voice_Scope_Project_Template.xpr\Wednesday_Lim_Kah_Hwee_A0184034L_Report\Wednesday_Lim_Kah_Hwee_A0184034L_Report.xpr
# Log file: C:/Users/KH/Documents/KH/NUS/EE2026/LAB/Lab Project/Voice_Scope_Project_Template.xpr/Wednesday_Lim_Kah_Hwee_A0184034L_Report/vivado.log
# Journal file: C:/Users/KH/Documents/KH/NUS/EE2026/LAB/Lab Project/Voice_Scope_Project_Template.xpr/Wednesday_Lim_Kah_Hwee_A0184034L_Report\vivado.jou
#-----------------------------------------------------------
start_gui
open_project {C:/Users/KH/Documents/KH/NUS/EE2026/LAB/Lab Project/Voice_Scope_Project_Template.xpr/Wednesday_Lim_Kah_Hwee_A0184034L_Report/Wednesday_Lim_Kah_Hwee_A0184034L_Report.xpr}
INFO: [ProjectBase 1-489] The host OS only allows 260 characters in a normal path. The project is stored in a path with more than 80 characters. If you experience issues with IP, Block Designs, or files not being found, please consider moving the project to a location with a shorter path. Alternately consider using the OS subst command to map part of the path to a drive letter.
Current project path is 'C:/Users/KH/Documents/KH/NUS/EE2026/LAB/Lab Project/Voice_Scope_Project_Template.xpr/Wednesday_Lim_Kah_Hwee_A0184034L_Report'
Scanning sources...
Finished scanning sources
WARNING: [filemgmt 56-3] IPUserFilesDir: Could not find the directory 'C:/Users/KH/Documents/KH/NUS/EE2026/LAB/Lab Project/Voice_Scope_Project_Template.xpr/Wednesday_Lim_Kah_Hwee_A0184034L_Report/Wednesday_Lim_Kah_Hwee_A0184034L_Report.ip_user_files'.
INFO: [IP_Flow 19-234] Refreshing IP repositories
INFO: [IP_Flow 19-1704] No user IP repositories specified
INFO: [IP_Flow 19-2313] Loaded Vivado IP repository 'C:/Xilinx/Vivado/2018.2/data/ip'.
open_project: Time (s): cpu = 00:00:12 ; elapsed = 00:00:06 . Memory (MB): peak = 823.457 ; gain = 90.109
update_compile_order -fileset sources_1
add_files -norecurse {{C:/Users/KH/Documents/KH/NUS/EE2026/LAB/Lab Project/Voice_Scope_Project_Template.xpr/EE2026_Voice_Scope_Project-Vernon_Task_A/EE2026_Voice_Scope_Project-Vernon_Task_A/Voice_Scope_Project_Template.srcs/sources_1/new/TestWave_Gen.v} {C:/Users/KH/Documents/KH/NUS/EE2026/LAB/Lab Project/Voice_Scope_Project_Template.xpr/EE2026_Voice_Scope_Project-Vernon_Task_A/EE2026_Voice_Scope_Project-Vernon_Task_A/Voice_Scope_Project_Template.srcs/sources_1/new/clk_div.v}}
update_compile_order -fileset sources_1
exit
INFO: [Common 17-206] Exiting Vivado at Wed Oct 10 11:38:30 2018...
