#-----------------------------------------------------------
# Vivado v2018.2 (64-bit)
# SW Build 2258646 on Thu Jun 14 20:03:12 MDT 2018
# IP Build 2256618 on Thu Jun 14 22:10:49 MDT 2018
# Start of session at: Mon Oct 22 09:26:35 2018
# Process ID: 2068
# Current directory: C:/Users/KH/Documents/KH/NUS/EE2026/LAB/Lab Project/Voice_Scope_Project_Template_vernon.xpr/Voice_Scope_Project_Template
# Command line: vivado.exe -gui_launcher_event rodinguilauncherevent8940 C:\Users\KH\Documents\KH\NUS\EE2026\LAB\Lab Project\Voice_Scope_Project_Template_vernon.xpr\Voice_Scope_Project_Template\Voice_Scope_Project_Template.xpr
# Log file: C:/Users/KH/Documents/KH/NUS/EE2026/LAB/Lab Project/Voice_Scope_Project_Template_vernon.xpr/Voice_Scope_Project_Template/vivado.log
# Journal file: C:/Users/KH/Documents/KH/NUS/EE2026/LAB/Lab Project/Voice_Scope_Project_Template_vernon.xpr/Voice_Scope_Project_Template\vivado.jou
#-----------------------------------------------------------
start_gui
open_project {C:/Users/KH/Documents/KH/NUS/EE2026/LAB/Lab Project/Voice_Scope_Project_Template_vernon.xpr/Voice_Scope_Project_Template/Voice_Scope_Project_Template.xpr}
INFO: [ProjectBase 1-489] The host OS only allows 260 characters in a normal path. The project is stored in a path with more than 80 characters. If you experience issues with IP, Block Designs, or files not being found, please consider moving the project to a location with a shorter path. Alternately consider using the OS subst command to map part of the path to a drive letter.
Current project path is 'C:/Users/KH/Documents/KH/NUS/EE2026/LAB/Lab Project/Voice_Scope_Project_Template_vernon.xpr/Voice_Scope_Project_Template'
Scanning sources...
Finished scanning sources
WARNING: [filemgmt 56-3] IPUserFilesDir: Could not find the directory 'C:/Users/KH/Documents/KH/NUS/EE2026/LAB/Lab Project/Voice_Scope_Project_Template_vernon.xpr/Voice_Scope_Project_Template/Voice_Scope_Project_Template.ip_user_files'.
INFO: [IP_Flow 19-234] Refreshing IP repositories
INFO: [IP_Flow 19-1704] No user IP repositories specified
INFO: [IP_Flow 19-2313] Loaded Vivado IP repository 'C:/Xilinx/Vivado/2018.2/data/ip'.
open_project: Time (s): cpu = 00:00:13 ; elapsed = 00:00:21 . Memory (MB): peak = 758.922 ; gain = 80.887
update_compile_order -fileset sources_1
exit
INFO: [Common 17-206] Exiting Vivado at Mon Oct 22 09:28:04 2018...
