
*** Running vivado
    with args -log Voice_Scope_TOP.vds -m64 -product Vivado -mode batch -messageDb vivado.pb -notrace -source Voice_Scope_TOP.tcl


****** Vivado v2018.2 (64-bit)
  **** SW Build 2258646 on Thu Jun 14 20:03:12 MDT 2018
  **** IP Build 2256618 on Thu Jun 14 22:10:49 MDT 2018
    ** Copyright 1986-2018 Xilinx, Inc. All Rights Reserved.

source Voice_Scope_TOP.tcl -notrace
Command: synth_design -top Voice_Scope_TOP -part xc7a35tcpg236-1
Starting synth_design
Attempting to get a license for feature 'Synthesis' and/or device 'xc7a35t'
INFO: [Common 17-349] Got license for feature 'Synthesis' and/or device 'xc7a35t'
INFO: Launching helper process for spawning children vivado processes
INFO: Helper process launched with PID 17804 
---------------------------------------------------------------------------------
Starting RTL Elaboration : Time (s): cpu = 00:00:02 ; elapsed = 00:00:02 . Memory (MB): peak = 355.949 ; gain = 99.180
---------------------------------------------------------------------------------
INFO: [Synth 8-6157] synthesizing module 'Voice_Scope_TOP' [D:/NUS/ee2026lab/EE2026_project_Dan/EE2026_project_Dan.srcs/sources_1/new/Voice_Scope_TOP.v:23]
INFO: [Synth 8-6157] synthesizing module 'clk_div' [D:/NUS/ee2026lab/EE2026_project_Dan/EE2026_project_Dan.srcs/sources_1/new/clk_div.v:23]
INFO: [Synth 8-6155] done synthesizing module 'clk_div' (1#1) [D:/NUS/ee2026lab/EE2026_project_Dan/EE2026_project_Dan.srcs/sources_1/new/clk_div.v:23]
INFO: [Synth 8-6157] synthesizing module 'Voice_Capturer' [D:/NUS/ee2026lab/EE2026_project_Dan/EE2026_project_Dan.srcs/sources_1/new/Voice_Capturer.v:23]
INFO: [Synth 8-6155] done synthesizing module 'Voice_Capturer' (2#1) [D:/NUS/ee2026lab/EE2026_project_Dan/EE2026_project_Dan.srcs/sources_1/new/Voice_Capturer.v:23]
INFO: [Synth 8-6157] synthesizing module 'Draw_Waveform' [D:/NUS/ee2026lab/Audio_Viz_Project_Template/Audio_Viz_Project_Template.srcs/sources_1/imports/new/Draw_Waveform.v:6]
INFO: [Synth 8-6155] done synthesizing module 'Draw_Waveform' (3#1) [D:/NUS/ee2026lab/Audio_Viz_Project_Template/Audio_Viz_Project_Template.srcs/sources_1/imports/new/Draw_Waveform.v:6]
INFO: [Synth 8-6157] synthesizing module 'Draw_Background' [D:/NUS/ee2026lab/Audio_Viz_Project_Template/Audio_Viz_Project_Template.srcs/sources_1/imports/new/Draw_Background.v:24]
INFO: [Synth 8-6155] done synthesizing module 'Draw_Background' (4#1) [D:/NUS/ee2026lab/Audio_Viz_Project_Template/Audio_Viz_Project_Template.srcs/sources_1/imports/new/Draw_Background.v:24]
INFO: [Synth 8-6157] synthesizing module 'VGA_DISPLAY' [D:/NUS/ee2026lab/Audio_Viz_Project_Template/Audio_Viz_Project_Template.srcs/sources_1/imports/new/VGA_DISPLAY.v:17]
INFO: [Synth 8-638] synthesizing module 'CLK_108M' [D:/NUS/ee2026lab/Audio_Viz_Project_Template/Audio_Viz_Project_Template.srcs/sources_1/imports/new/CLK_108M.vhd:83]
	Parameter BANDWIDTH bound to: OPTIMIZED - type: string 
	Parameter CLKFBOUT_MULT_F bound to: 10.125000 - type: float 
	Parameter CLKFBOUT_PHASE bound to: 0.000000 - type: float 
	Parameter CLKFBOUT_USE_FINE_PS bound to: 0 - type: bool 
	Parameter CLKIN1_PERIOD bound to: 10.000000 - type: float 
	Parameter CLKIN2_PERIOD bound to: 0.000000 - type: float 
	Parameter CLKOUT0_DIVIDE_F bound to: 9.375000 - type: float 
	Parameter CLKOUT0_DUTY_CYCLE bound to: 0.500000 - type: float 
	Parameter CLKOUT0_PHASE bound to: 0.000000 - type: float 
	Parameter CLKOUT0_USE_FINE_PS bound to: 0 - type: bool 
	Parameter CLKOUT1_DIVIDE bound to: 1 - type: integer 
	Parameter CLKOUT1_DUTY_CYCLE bound to: 0.500000 - type: float 
	Parameter CLKOUT1_PHASE bound to: 0.000000 - type: float 
	Parameter CLKOUT1_USE_FINE_PS bound to: 0 - type: bool 
	Parameter CLKOUT2_DIVIDE bound to: 1 - type: integer 
	Parameter CLKOUT2_DUTY_CYCLE bound to: 0.500000 - type: float 
	Parameter CLKOUT2_PHASE bound to: 0.000000 - type: float 
	Parameter CLKOUT2_USE_FINE_PS bound to: 0 - type: bool 
	Parameter CLKOUT3_DIVIDE bound to: 1 - type: integer 
	Parameter CLKOUT3_DUTY_CYCLE bound to: 0.500000 - type: float 
	Parameter CLKOUT3_PHASE bound to: 0.000000 - type: float 
	Parameter CLKOUT3_USE_FINE_PS bound to: 0 - type: bool 
	Parameter CLKOUT4_CASCADE bound to: 0 - type: bool 
	Parameter CLKOUT4_DIVIDE bound to: 1 - type: integer 
	Parameter CLKOUT4_DUTY_CYCLE bound to: 0.500000 - type: float 
	Parameter CLKOUT4_PHASE bound to: 0.000000 - type: float 
	Parameter CLKOUT4_USE_FINE_PS bound to: 0 - type: bool 
	Parameter CLKOUT5_DIVIDE bound to: 1 - type: integer 
	Parameter CLKOUT5_DUTY_CYCLE bound to: 0.500000 - type: float 
	Parameter CLKOUT5_PHASE bound to: 0.000000 - type: float 
	Parameter CLKOUT5_USE_FINE_PS bound to: 0 - type: bool 
	Parameter CLKOUT6_DIVIDE bound to: 1 - type: integer 
	Parameter CLKOUT6_DUTY_CYCLE bound to: 0.500000 - type: float 
	Parameter CLKOUT6_PHASE bound to: 0.000000 - type: float 
	Parameter CLKOUT6_USE_FINE_PS bound to: 0 - type: bool 
	Parameter COMPENSATION bound to: ZHOLD - type: string 
	Parameter DIVCLK_DIVIDE bound to: 1 - type: integer 
	Parameter IS_CLKINSEL_INVERTED bound to: 1'b0 
	Parameter IS_PSEN_INVERTED bound to: 1'b0 
	Parameter IS_PSINCDEC_INVERTED bound to: 1'b0 
	Parameter IS_PWRDWN_INVERTED bound to: 1'b0 
	Parameter IS_RST_INVERTED bound to: 1'b0 
	Parameter REF_JITTER1 bound to: 0.010000 - type: float 
	Parameter REF_JITTER2 bound to: 0.000000 - type: float 
	Parameter SS_EN bound to: FALSE - type: string 
	Parameter SS_MODE bound to: CENTER_HIGH - type: string 
	Parameter SS_MOD_PERIOD bound to: 10000 - type: integer 
	Parameter STARTUP_WAIT bound to: 0 - type: bool 
INFO: [Synth 8-113] binding component instance 'mmcm_adv_inst' to cell 'MMCME2_ADV' [D:/NUS/ee2026lab/Audio_Viz_Project_Template/Audio_Viz_Project_Template.srcs/sources_1/imports/new/CLK_108M.vhd:125]
INFO: [Synth 8-113] binding component instance 'clkf_buf' to cell 'BUFG' [D:/NUS/ee2026lab/Audio_Viz_Project_Template/Audio_Viz_Project_Template.srcs/sources_1/imports/new/CLK_108M.vhd:187]
INFO: [Synth 8-113] binding component instance 'clkout1_buf' to cell 'BUFG' [D:/NUS/ee2026lab/Audio_Viz_Project_Template/Audio_Viz_Project_Template.srcs/sources_1/imports/new/CLK_108M.vhd:194]
INFO: [Synth 8-256] done synthesizing module 'CLK_108M' (5#1) [D:/NUS/ee2026lab/Audio_Viz_Project_Template/Audio_Viz_Project_Template.srcs/sources_1/imports/new/CLK_108M.vhd:83]
INFO: [Synth 8-638] synthesizing module 'VGA_CONTROL' [D:/NUS/ee2026lab/Audio_Viz_Project_Template/Audio_Viz_Project_Template.srcs/sources_1/imports/new/VGA_CONTROL.vhd:61]
INFO: [Synth 8-256] done synthesizing module 'VGA_CONTROL' (6#1) [D:/NUS/ee2026lab/Audio_Viz_Project_Template/Audio_Viz_Project_Template.srcs/sources_1/imports/new/VGA_CONTROL.vhd:61]
INFO: [Synth 8-6155] done synthesizing module 'VGA_DISPLAY' (7#1) [D:/NUS/ee2026lab/Audio_Viz_Project_Template/Audio_Viz_Project_Template.srcs/sources_1/imports/new/VGA_DISPLAY.v:17]
INFO: [Synth 8-6155] done synthesizing module 'Voice_Scope_TOP' (8#1) [D:/NUS/ee2026lab/EE2026_project_Dan/EE2026_project_Dan.srcs/sources_1/new/Voice_Scope_TOP.v:23]
---------------------------------------------------------------------------------
Finished RTL Elaboration : Time (s): cpu = 00:00:03 ; elapsed = 00:00:03 . Memory (MB): peak = 411.711 ; gain = 154.941
---------------------------------------------------------------------------------

Report Check Netlist: 
+------+------------------+-------+---------+-------+------------------+
|      |Item              |Errors |Warnings |Status |Description       |
+------+------------------+-------+---------+-------+------------------+
|1     |multi_driven_nets |      0|        0|Passed |Multi driven nets |
+------+------------------+-------+---------+-------+------------------+
---------------------------------------------------------------------------------
Start Handling Custom Attributes
---------------------------------------------------------------------------------
---------------------------------------------------------------------------------
Finished Handling Custom Attributes : Time (s): cpu = 00:00:03 ; elapsed = 00:00:03 . Memory (MB): peak = 411.711 ; gain = 154.941
---------------------------------------------------------------------------------
---------------------------------------------------------------------------------
Finished RTL Optimization Phase 1 : Time (s): cpu = 00:00:03 ; elapsed = 00:00:03 . Memory (MB): peak = 411.711 ; gain = 154.941
---------------------------------------------------------------------------------
INFO: [Netlist 29-17] Analyzing 1 Unisim elements for replacement
INFO: [Netlist 29-28] Unisim Transformation completed in 0 CPU seconds
INFO: [Device 21-403] Loading part xc7a35tcpg236-1
INFO: [Project 1-570] Preparing netlist for logic optimization

Processing XDC Constraints
Initializing timing engine
Parsing XDC File [D:/NUS/ee2026lab/EE2026_project_Dan/EE2026_project_Dan.srcs/constrs_1/new/Basys3_Master.xdc]
Finished Parsing XDC File [D:/NUS/ee2026lab/EE2026_project_Dan/EE2026_project_Dan.srcs/constrs_1/new/Basys3_Master.xdc]
INFO: [Project 1-236] Implementation specific constraints were found while reading constraint file [D:/NUS/ee2026lab/EE2026_project_Dan/EE2026_project_Dan.srcs/constrs_1/new/Basys3_Master.xdc]. These constraints will be ignored for synthesis but will be used in implementation. Impacted constraints are listed in the file [.Xil/Voice_Scope_TOP_propImpl.xdc].
Resolution: To avoid this warning, move constraints listed in [.Xil/Voice_Scope_TOP_propImpl.xdc] to another XDC file and exclude this new file from synthesis with the used_in_synthesis property (File Properties dialog in GUI) and re-run elaboration/synthesis.
INFO: [Timing 38-2] Deriving generated clocks
Completed Processing XDC Constraints

INFO: [Project 1-111] Unisim Transformation Summary:
No Unisim elements were transformed.

Constraint Validation Runtime : Time (s): cpu = 00:00:00 ; elapsed = 00:00:00.003 . Memory (MB): peak = 708.391 ; gain = 0.000
---------------------------------------------------------------------------------
Finished Constraint Validation : Time (s): cpu = 00:00:12 ; elapsed = 00:00:13 . Memory (MB): peak = 708.391 ; gain = 451.621
---------------------------------------------------------------------------------
---------------------------------------------------------------------------------
Start Loading Part and Timing Information
---------------------------------------------------------------------------------
Loading part: xc7a35tcpg236-1
---------------------------------------------------------------------------------
Finished Loading Part and Timing Information : Time (s): cpu = 00:00:12 ; elapsed = 00:00:13 . Memory (MB): peak = 708.391 ; gain = 451.621
---------------------------------------------------------------------------------
---------------------------------------------------------------------------------
Start Applying 'set_property' XDC Constraints
---------------------------------------------------------------------------------
---------------------------------------------------------------------------------
Finished applying 'set_property' XDC Constraints : Time (s): cpu = 00:00:12 ; elapsed = 00:00:13 . Memory (MB): peak = 708.391 ; gain = 451.621
---------------------------------------------------------------------------------
---------------------------------------------------------------------------------
Finished RTL Optimization Phase 2 : Time (s): cpu = 00:00:12 ; elapsed = 00:00:14 . Memory (MB): peak = 708.391 ; gain = 451.621
---------------------------------------------------------------------------------

Report RTL Partitions: 
+-+--------------+------------+----------+
| |RTL Partition |Replication |Instances |
+-+--------------+------------+----------+
+-+--------------+------------+----------+
---------------------------------------------------------------------------------
Start RTL Component Statistics 
---------------------------------------------------------------------------------
Detailed RTL Component Info : 
+---Adders : 
	   2 Input     11 Bit       Adders := 2     
	   2 Input     10 Bit       Adders := 1     
+---Registers : 
	               12 Bit    Registers := 2     
	               11 Bit    Registers := 1     
	               10 Bit    Registers := 1     
	                4 Bit    Registers := 3     
	                1 Bit    Registers := 6     
+---Muxes : 
	   2 Input     11 Bit        Muxes := 1     
	   2 Input     10 Bit        Muxes := 1     
---------------------------------------------------------------------------------
Finished RTL Component Statistics 
---------------------------------------------------------------------------------
---------------------------------------------------------------------------------
Start RTL Hierarchical Component Statistics 
---------------------------------------------------------------------------------
Hierarchical RTL Component report 
Module clk_div 
Detailed RTL Component Info : 
+---Registers : 
	                1 Bit    Registers := 1     
Module Voice_Capturer 
Detailed RTL Component Info : 
+---Registers : 
	               12 Bit    Registers := 2     
	                1 Bit    Registers := 1     
Module Draw_Waveform 
Detailed RTL Component Info : 
+---Adders : 
	   2 Input     11 Bit       Adders := 2     
	   2 Input     10 Bit       Adders := 1     
+---Registers : 
	               11 Bit    Registers := 1     
	               10 Bit    Registers := 1     
+---Muxes : 
	   2 Input     11 Bit        Muxes := 1     
	   2 Input     10 Bit        Muxes := 1     
Module VGA_CONTROL 
Detailed RTL Component Info : 
+---Registers : 
	                1 Bit    Registers := 2     
Module VGA_DISPLAY 
Detailed RTL Component Info : 
+---Registers : 
	                4 Bit    Registers := 3     
	                1 Bit    Registers := 2     
---------------------------------------------------------------------------------
Finished RTL Hierarchical Component Statistics
---------------------------------------------------------------------------------
---------------------------------------------------------------------------------
Start Part Resource Summary
---------------------------------------------------------------------------------
Part Resources:
DSPs: 90 (col length:60)
BRAMs: 100 (col length: RAMB18 60 RAMB36 30)
---------------------------------------------------------------------------------
Finished Part Resource Summary
---------------------------------------------------------------------------------
---------------------------------------------------------------------------------
Start Cross Boundary and Area Optimization
---------------------------------------------------------------------------------
Warning: Parallel synthesis criteria is not met 
INFO: [Synth 8-3886] merging instance 'vga/VGA_BLUE_reg[0]' (FD) to 'vga/VGA_BLUE_reg[1]'
INFO: [Synth 8-3886] merging instance 'vga/VGA_BLUE_reg[1]' (FD) to 'vga/VGA_BLUE_reg[2]'
INFO: [Synth 8-3886] merging instance 'vga/VGA_BLUE_reg[2]' (FD) to 'vga/VGA_BLUE_reg[3]'
INFO: [Synth 8-3886] merging instance 'vga/VGA_GREEN_reg[0]' (FD) to 'vga/VGA_GREEN_reg[2]'
INFO: [Synth 8-3886] merging instance 'vga/VGA_GREEN_reg[2]' (FD) to 'vga/VGA_GREEN_reg[3]'
INFO: [Synth 8-3886] merging instance 'vga/VGA_RED_reg[0]' (FD) to 'vga/VGA_RED_reg[1]'
INFO: [Synth 8-3886] merging instance 'vga/VGA_RED_reg[1]' (FD) to 'vga/VGA_RED_reg[2]'
INFO: [Synth 8-3886] merging instance 'vga/VGA_RED_reg[2]' (FD) to 'vga/VGA_RED_reg[3]'
INFO: [Synth 8-3886] merging instance 'vga/VGA_BLUE_reg[3]' (FD) to 'vga/VGA_GREEN_reg[1]'
INFO: [Synth 8-3886] merging instance 'vga/VGA_GREEN_reg[1]' (FD) to 'vga/VGA_RED_reg[3]'
---------------------------------------------------------------------------------
Finished Cross Boundary and Area Optimization : Time (s): cpu = 00:00:13 ; elapsed = 00:00:15 . Memory (MB): peak = 708.391 ; gain = 451.621
---------------------------------------------------------------------------------
---------------------------------------------------------------------------------
Start ROM, RAM, DSP and Shift Register Reporting
---------------------------------------------------------------------------------

Distributed RAM: Preliminary Mapping  Report (see note below)
+----------------+----------------------+-----------+----------------------+------------------------------+
|Module Name     | RTL Object           | Inference | Size (Depth x Width) | Primitives                   | 
+----------------+----------------------+-----------+----------------------+------------------------------+
|Voice_Scope_TOP | dw/Sample_Memory_reg | Implied   | 2 K x 10             | RAM64X1D x 20  RAM64M x 60   | 
+----------------+----------------------+-----------+----------------------+------------------------------+

Note: The table above is a preliminary report that shows the Distributed RAMs at the current stage of the synthesis flow. Some Distributed RAMs may be reimplemented as non Distributed RAM primitives later in the synthesis flow. Multiple instantiated RAMs are reported only once.
---------------------------------------------------------------------------------
Finished ROM, RAM, DSP and Shift Register Reporting
---------------------------------------------------------------------------------

Report RTL Partitions: 
+-+--------------+------------+----------+
| |RTL Partition |Replication |Instances |
+-+--------------+------------+----------+
+-+--------------+------------+----------+
---------------------------------------------------------------------------------
Start Applying XDC Timing Constraints
---------------------------------------------------------------------------------
---------------------------------------------------------------------------------
Finished Applying XDC Timing Constraints : Time (s): cpu = 00:00:21 ; elapsed = 00:00:24 . Memory (MB): peak = 734.660 ; gain = 477.891
---------------------------------------------------------------------------------
---------------------------------------------------------------------------------
Start Timing Optimization
---------------------------------------------------------------------------------
---------------------------------------------------------------------------------
Finished Timing Optimization : Time (s): cpu = 00:00:21 ; elapsed = 00:00:25 . Memory (MB): peak = 755.410 ; gain = 498.641
---------------------------------------------------------------------------------
---------------------------------------------------------------------------------
Start ROM, RAM, DSP and Shift Register Reporting
---------------------------------------------------------------------------------

Distributed RAM: Final Mapping  Report
+----------------+----------------------+-----------+----------------------+------------------------------+
|Module Name     | RTL Object           | Inference | Size (Depth x Width) | Primitives                   | 
+----------------+----------------------+-----------+----------------------+------------------------------+
|Voice_Scope_TOP | dw/Sample_Memory_reg | Implied   | 2 K x 10             | RAM64X1D x 20  RAM64M x 60   | 
+----------------+----------------------+-----------+----------------------+------------------------------+

---------------------------------------------------------------------------------
Finished ROM, RAM, DSP and Shift Register Reporting
---------------------------------------------------------------------------------

Report RTL Partitions: 
+-+--------------+------------+----------+
| |RTL Partition |Replication |Instances |
+-+--------------+------------+----------+
+-+--------------+------------+----------+
---------------------------------------------------------------------------------
Start Technology Mapping
---------------------------------------------------------------------------------
---------------------------------------------------------------------------------
Finished Technology Mapping : Time (s): cpu = 00:00:21 ; elapsed = 00:00:25 . Memory (MB): peak = 755.410 ; gain = 498.641
---------------------------------------------------------------------------------

Report RTL Partitions: 
+-+--------------+------------+----------+
| |RTL Partition |Replication |Instances |
+-+--------------+------------+----------+
+-+--------------+------------+----------+
---------------------------------------------------------------------------------
Start IO Insertion
---------------------------------------------------------------------------------
---------------------------------------------------------------------------------
Start Flattening Before IO Insertion
---------------------------------------------------------------------------------
---------------------------------------------------------------------------------
Finished Flattening Before IO Insertion
---------------------------------------------------------------------------------
---------------------------------------------------------------------------------
Start Final Netlist Cleanup
---------------------------------------------------------------------------------
---------------------------------------------------------------------------------
Finished Final Netlist Cleanup
---------------------------------------------------------------------------------
---------------------------------------------------------------------------------
Finished IO Insertion : Time (s): cpu = 00:00:22 ; elapsed = 00:00:26 . Memory (MB): peak = 755.410 ; gain = 498.641
---------------------------------------------------------------------------------

Report Check Netlist: 
+------+------------------+-------+---------+-------+------------------+
|      |Item              |Errors |Warnings |Status |Description       |
+------+------------------+-------+---------+-------+------------------+
|1     |multi_driven_nets |      0|        0|Passed |Multi driven nets |
+------+------------------+-------+---------+-------+------------------+
---------------------------------------------------------------------------------
Start Renaming Generated Instances
---------------------------------------------------------------------------------
---------------------------------------------------------------------------------
Finished Renaming Generated Instances : Time (s): cpu = 00:00:22 ; elapsed = 00:00:26 . Memory (MB): peak = 755.410 ; gain = 498.641
---------------------------------------------------------------------------------

Report RTL Partitions: 
+-+--------------+------------+----------+
| |RTL Partition |Replication |Instances |
+-+--------------+------------+----------+
+-+--------------+------------+----------+
---------------------------------------------------------------------------------
Start Rebuilding User Hierarchy
---------------------------------------------------------------------------------
---------------------------------------------------------------------------------
Finished Rebuilding User Hierarchy : Time (s): cpu = 00:00:23 ; elapsed = 00:00:26 . Memory (MB): peak = 755.410 ; gain = 498.641
---------------------------------------------------------------------------------
---------------------------------------------------------------------------------
Start Renaming Generated Ports
---------------------------------------------------------------------------------
---------------------------------------------------------------------------------
Finished Renaming Generated Ports : Time (s): cpu = 00:00:23 ; elapsed = 00:00:26 . Memory (MB): peak = 755.410 ; gain = 498.641
---------------------------------------------------------------------------------
---------------------------------------------------------------------------------
Start Handling Custom Attributes
---------------------------------------------------------------------------------
---------------------------------------------------------------------------------
Finished Handling Custom Attributes : Time (s): cpu = 00:00:23 ; elapsed = 00:00:26 . Memory (MB): peak = 755.410 ; gain = 498.641
---------------------------------------------------------------------------------
---------------------------------------------------------------------------------
Start Renaming Generated Nets
---------------------------------------------------------------------------------
---------------------------------------------------------------------------------
Finished Renaming Generated Nets : Time (s): cpu = 00:00:23 ; elapsed = 00:00:26 . Memory (MB): peak = 755.410 ; gain = 498.641
---------------------------------------------------------------------------------
---------------------------------------------------------------------------------
Start Writing Synthesis Report
---------------------------------------------------------------------------------

Report BlackBoxes: 
+-+--------------+----------+
| |BlackBox name |Instances |
+-+--------------+----------+
+-+--------------+----------+

Report Cell Usage: 
+------+-----------+------+
|      |Cell       |Count |
+------+-----------+------+
|1     |BUFG       |     4|
|2     |CARRY4     |    22|
|3     |LUT1       |     7|
|4     |LUT2       |    51|
|5     |LUT3       |    19|
|6     |LUT4       |    14|
|7     |LUT5       |    13|
|8     |LUT6       |   113|
|9     |MMCME2_ADV |     1|
|10    |MUXF7      |    20|
|11    |RAM64M     |    60|
|12    |RAM64X1D   |    20|
|13    |FDRE       |   107|
|14    |IBUF       |     3|
|15    |OBUF       |    28|
+------+-----------+------+

Report Instance Areas: 
+------+-----------------+---------------+------+
|      |Instance         |Module         |Cells |
+------+-----------------+---------------+------+
|1     |top              |               |   482|
|2     |  dw             |Draw_Waveform  |   217|
|3     |  my_clk         |clk_div        |    21|
|4     |  vc             |Voice_Capturer |    75|
|5     |  vga            |VGA_DISPLAY    |   136|
|6     |    VGA_CLK_108M |CLK_108M       |     3|
|7     |    VGA_CONTROL  |VGA_CONTROL    |   129|
+------+-----------------+---------------+------+
---------------------------------------------------------------------------------
Finished Writing Synthesis Report : Time (s): cpu = 00:00:23 ; elapsed = 00:00:26 . Memory (MB): peak = 755.410 ; gain = 498.641
---------------------------------------------------------------------------------
Synthesis finished with 0 errors, 0 critical warnings and 0 warnings.
Synthesis Optimization Runtime : Time (s): cpu = 00:00:14 ; elapsed = 00:00:19 . Memory (MB): peak = 755.410 ; gain = 201.961
Synthesis Optimization Complete : Time (s): cpu = 00:00:23 ; elapsed = 00:00:26 . Memory (MB): peak = 755.410 ; gain = 498.641
INFO: [Project 1-571] Translating synthesized netlist
INFO: [Netlist 29-17] Analyzing 126 Unisim elements for replacement
INFO: [Netlist 29-28] Unisim Transformation completed in 0 CPU seconds
INFO: [Project 1-570] Preparing netlist for logic optimization
INFO: [Opt 31-138] Pushed 0 inverter(s) to 0 load pin(s).
INFO: [Project 1-111] Unisim Transformation Summary:
  A total of 80 instances were transformed.
  RAM64M => RAM64M (RAMD64E, RAMD64E, RAMD64E, RAMD64E): 60 instances
  RAM64X1D => RAM64X1D (RAMD64E, RAMD64E): 20 instances

INFO: [Common 17-83] Releasing license: Synthesis
44 Infos, 0 Warnings, 0 Critical Warnings and 0 Errors encountered.
synth_design completed successfully
synth_design: Time (s): cpu = 00:00:25 ; elapsed = 00:00:28 . Memory (MB): peak = 760.746 ; gain = 516.938
WARNING: [Constraints 18-5210] No constraint will be written out.
INFO: [Common 17-1381] The checkpoint 'D:/NUS/ee2026lab/EE2026_project_Dan/EE2026_project_Dan.runs/synth_1/Voice_Scope_TOP.dcp' has been generated.
INFO: [runtcl-4] Executing : report_utilization -file Voice_Scope_TOP_utilization_synth.rpt -pb Voice_Scope_TOP_utilization_synth.pb
report_utilization: Time (s): cpu = 00:00:00 ; elapsed = 00:00:00.035 . Memory (MB): peak = 760.746 ; gain = 0.000
INFO: [Common 17-206] Exiting Vivado at Thu Mar 14 12:07:05 2019...
