Copyright 1986-2018 Xilinx, Inc. All Rights Reserved.
-------------------------------------------------------------------------------------------------------------------------------------------------------------------
| Tool Version     : Vivado v.2018.2 (win64) Build 2258646 Thu Jun 14 20:03:12 MDT 2018
| Date             : Thu Apr  4 20:50:43 2019
| Host             : LAPTOP-MNQMD5TA running 64-bit major release  (build 9200)
| Command          : report_power -file Voice_Scope_TOP_power_routed.rpt -pb Voice_Scope_TOP_power_summary_routed.pb -rpx Voice_Scope_TOP_power_routed.rpx
| Design           : Voice_Scope_TOP
| Device           : xc7a35tcpg236-1
| Design State     : routed
| Grade            : commercial
| Process          : typical
| Characterization : Production
-------------------------------------------------------------------------------------------------------------------------------------------------------------------

Power Report

Table of Contents
-----------------
1. Summary
1.1 On-Chip Components
1.2 Power Supply Summary
1.3 Confidence Level
2. Settings
2.1 Environment
2.2 Clock Constraints
3. Detailed Reports
3.1 By Hierarchy

1. Summary
----------

+--------------------------+--------------+
| Total On-Chip Power (W)  | 0.417        |
| Design Power Budget (W)  | Unspecified* |
| Power Budget Margin (W)  | NA           |
| Dynamic (W)              | 0.341        |
| Device Static (W)        | 0.075        |
| Effective TJA (C/W)      | 5.0          |
| Max Ambient (C)          | 82.9         |
| Junction Temperature (C) | 27.1         |
| Confidence Level         | Low          |
| Setting File             | ---          |
| Simulation Activity File | ---          |
| Design Nets Matched      | NA           |
+--------------------------+--------------+
* Specify Design Power Budget using, set_operating_conditions -design_power_budget <value in Watts>


1.1 On-Chip Components
----------------------

+--------------------------+-----------+----------+-----------+-----------------+
| On-Chip                  | Power (W) | Used     | Available | Utilization (%) |
+--------------------------+-----------+----------+-----------+-----------------+
| Clocks                   |     0.011 |        5 |       --- |             --- |
| Slice Logic              |     0.038 |    26952 |       --- |             --- |
|   LUT as Logic           |     0.031 |     6820 |     20800 |           32.79 |
|   Register               |     0.003 |    15027 |     41600 |           36.12 |
|   F7/F8 Muxes            |     0.003 |     2508 |     32600 |            7.69 |
|   CARRY4                 |     0.001 |      701 |      8150 |            8.60 |
|   LUT as Distributed RAM |    <0.001 |      280 |      9600 |            2.92 |
|   BUFG                   |    <0.001 |        2 |        32 |            6.25 |
|   Others                 |     0.000 |      443 |       --- |             --- |
| Signals                  |     0.066 |    20134 |       --- |             --- |
| Block RAM                |     0.085 |     41.5 |        50 |           83.00 |
| MMCM                     |     0.123 |        1 |         5 |           20.00 |
| DSPs                     |     0.003 |       14 |        90 |           15.56 |
| I/O                      |     0.015 |       52 |       106 |           49.06 |
| Static Power             |     0.075 |          |           |                 |
| Total                    |     0.417 |          |           |                 |
+--------------------------+-----------+----------+-----------+-----------------+


1.2 Power Supply Summary
------------------------

+-----------+-------------+-----------+-------------+------------+
| Source    | Voltage (V) | Total (A) | Dynamic (A) | Static (A) |
+-----------+-------------+-----------+-------------+------------+
| Vccint    |       1.000 |     0.210 |       0.198 |      0.012 |
| Vccaux    |       1.800 |     0.081 |       0.069 |      0.013 |
| Vcco33    |       3.300 |     0.005 |       0.004 |      0.001 |
| Vcco25    |       2.500 |     0.000 |       0.000 |      0.000 |
| Vcco18    |       1.800 |     0.000 |       0.000 |      0.000 |
| Vcco15    |       1.500 |     0.000 |       0.000 |      0.000 |
| Vcco135   |       1.350 |     0.000 |       0.000 |      0.000 |
| Vcco12    |       1.200 |     0.000 |       0.000 |      0.000 |
| Vccaux_io |       1.800 |     0.000 |       0.000 |      0.000 |
| Vccbram   |       1.000 |     0.008 |       0.006 |      0.001 |
| MGTAVcc   |       1.000 |     0.000 |       0.000 |      0.000 |
| MGTAVtt   |       1.200 |     0.000 |       0.000 |      0.000 |
| Vccadc    |       1.800 |     0.020 |       0.000 |      0.020 |
+-----------+-------------+-----------+-------------+------------+


1.3 Confidence Level
--------------------

+-----------------------------+------------+--------------------------------------------------------+--------------------------------------------------------------------------------------------------------------------+
| User Input Data             | Confidence | Details                                                | Action                                                                                                             |
+-----------------------------+------------+--------------------------------------------------------+--------------------------------------------------------------------------------------------------------------------+
| Design implementation state | High       | Design is routed                                       |                                                                                                                    |
| Clock nodes activity        | Low        | User specified less than 75% of clocks                 | Provide missing clock activity with a constraint file, simulation results or by editing the "By Clock Domain" view |
| I/O nodes activity          | Low        | More than 75% of inputs are missing user specification | Provide missing input activity with simulation results or by editing the "By Resource Type -> I/Os" view           |
| Internal nodes activity     | Medium     | User specified less than 25% of internal nodes         | Provide missing internal nodes activity with simulation results or by editing the "By Resource Type" views         |
| Device models               | High       | Device models are Production                           |                                                                                                                    |
|                             |            |                                                        |                                                                                                                    |
| Overall confidence level    | Low        |                                                        |                                                                                                                    |
+-----------------------------+------------+--------------------------------------------------------+--------------------------------------------------------------------------------------------------------------------+


2. Settings
-----------

2.1 Environment
---------------

+-----------------------+--------------------------+
| Ambient Temp (C)      | 25.0                     |
| ThetaJA (C/W)         | 5.0                      |
| Airflow (LFM)         | 250                      |
| Heat Sink             | medium (Medium Profile)  |
| ThetaSA (C/W)         | 4.6                      |
| Board Selection       | medium (10"x10")         |
| # of Board Layers     | 12to15 (12 to 15 Layers) |
| Board Temperature (C) | 25.0                     |
+-----------------------+--------------------------+


2.2 Clock Constraints
---------------------

+--------------------+-------------------------------------+-----------------+
| Clock              | Domain                              | Constraint (ns) |
+--------------------+-------------------------------------+-----------------+
| clk_out1_clk_wiz_0 | vga/VGA_CLK_108M/clk_out1_clk_wiz_0 |             9.3 |
| clkfbout_clk_wiz_0 | vga/VGA_CLK_108M/clkfbout_clk_wiz_0 |            10.0 |
| sys_clk_pin        | CLOCK                               |            10.0 |
+--------------------+-------------------------------------+-----------------+


3. Detailed Reports
-------------------

3.1 By Hierarchy
----------------

+------------------------------+-----------+
| Name                         | Power (W) |
+------------------------------+-----------+
| Voice_Scope_TOP              |     0.341 |
|   clk_30                     |    <0.001 |
|   cs                         |    <0.001 |
|   dbg                        |     0.087 |
|     ahar1                    |     0.001 |
|       c                      |     0.001 |
|         U1                   |     0.001 |
|     ahar10                   |     0.001 |
|       c                      |     0.001 |
|         U1                   |     0.001 |
|     ahar11                   |     0.001 |
|       c                      |     0.001 |
|         U1                   |     0.001 |
|     ahar12                   |     0.001 |
|       c                      |     0.001 |
|         U1                   |     0.001 |
|     ahar13                   |     0.001 |
|       c                      |     0.001 |
|         U1                   |     0.001 |
|     ahar14                   |     0.001 |
|       c                      |     0.001 |
|         U1                   |     0.001 |
|     ahar15                   |     0.001 |
|       c                      |     0.001 |
|         U1                   |     0.001 |
|     ahar2                    |     0.001 |
|       c                      |     0.001 |
|         U1                   |     0.001 |
|     ahar3                    |     0.001 |
|       c                      |     0.001 |
|         U1                   |     0.001 |
|     ahar4                    |     0.001 |
|       c                      |     0.001 |
|         U1                   |     0.001 |
|     ahar5                    |     0.001 |
|       c                      |     0.001 |
|         U1                   |     0.001 |
|     ahar6                    |     0.001 |
|       c                      |     0.001 |
|         U1                   |     0.001 |
|     ahar7                    |     0.001 |
|       c                      |     0.001 |
|         U1                   |     0.001 |
|     ahar8                    |     0.001 |
|       c                      |     0.001 |
|         U1                   |     0.001 |
|     ahar9                    |     0.001 |
|       c                      |     0.001 |
|         U1                   |     0.001 |
|     bar1                     |     0.001 |
|       c                      |     0.001 |
|         U1                   |     0.001 |
|     bar2                     |     0.001 |
|       c                      |     0.001 |
|         U1                   |     0.001 |
|     bar3                     |     0.001 |
|       c                      |     0.001 |
|         U1                   |     0.001 |
|     bhar1                    |     0.001 |
|       c                      |     0.001 |
|         U1                   |     0.001 |
|     bhar2                    |     0.001 |
|       c                      |     0.001 |
|         U1                   |     0.001 |
|     bhar3                    |     0.001 |
|       c                      |     0.001 |
|         U1                   |     0.001 |
|     bhar4                    |     0.001 |
|       c                      |     0.001 |
|         U1                   |     0.001 |
|     block1                   |     0.001 |
|       c                      |     0.001 |
|         U1                   |     0.001 |
|     block2                   |     0.001 |
|       c                      |     0.001 |
|         U1                   |     0.001 |
|     block3                   |     0.001 |
|       c                      |     0.001 |
|         U1                   |     0.001 |
|     char1                    |     0.001 |
|       c                      |     0.001 |
|         U1                   |     0.001 |
|     char2                    |     0.001 |
|       c                      |     0.001 |
|         U1                   |     0.001 |
|     circ1                    |     0.001 |
|       c                      |     0.001 |
|         U1                   |     0.001 |
|     circ2                    |     0.001 |
|       c                      |     0.001 |
|         U1                   |     0.001 |
|     circ3                    |     0.001 |
|       c                      |     0.001 |
|         U1                   |     0.001 |
|     circ4                    |     0.001 |
|       c                      |     0.001 |
|         U1                   |     0.001 |
|     dhar1                    |     0.001 |
|       c                      |     0.001 |
|         U1                   |     0.001 |
|     dhar2                    |     0.001 |
|       c                      |     0.001 |
|         U1                   |     0.001 |
|     ehar1                    |     0.001 |
|       c                      |     0.001 |
|         U1                   |     0.001 |
|     ehar2                    |     0.001 |
|       c                      |     0.001 |
|         U1                   |     0.001 |
|     fhar1                    |     0.001 |
|       c                      |     0.001 |
|         U1                   |     0.001 |
|     fhar2                    |     0.001 |
|       c                      |     0.001 |
|         U1                   |     0.001 |
|     fill1                    |     0.001 |
|       c                      |     0.001 |
|         U1                   |     0.001 |
|     fill2                    |     0.001 |
|       c                      |     0.001 |
|         U1                   |     0.001 |
|     fill3                    |     0.001 |
|       c                      |     0.001 |
|         U1                   |     0.001 |
|     fill4                    |     0.001 |
|       c                      |     0.001 |
|         U1                   |     0.001 |
|     freq1                    |     0.001 |
|       c                      |     0.001 |
|         U1                   |     0.001 |
|     freq2                    |     0.001 |
|       c                      |     0.001 |
|         U1                   |     0.001 |
|     freq3                    |     0.001 |
|       c                      |     0.001 |
|         U1                   |     0.001 |
|     freq4                    |     0.001 |
|       c                      |     0.001 |
|         U1                   |     0.001 |
|     freqc1                   |     0.001 |
|       c                      |     0.001 |
|         U1                   |     0.001 |
|     freqc2                   |     0.001 |
|       c                      |     0.001 |
|         U1                   |     0.001 |
|     freqc3                   |     0.001 |
|       c                      |     0.001 |
|         U1                   |     0.001 |
|     freqc4                   |     0.001 |
|       c                      |     0.001 |
|         U1                   |     0.001 |
|     freqcs1                  |     0.001 |
|       c                      |     0.001 |
|         U1                   |     0.001 |
|     freqcs2                  |     0.001 |
|       c                      |     0.001 |
|         U1                   |     0.001 |
|     freqcs3                  |     0.001 |
|       c                      |     0.001 |
|         U1                   |     0.001 |
|     freqcs4                  |     0.001 |
|       c                      |     0.001 |
|         U1                   |     0.001 |
|     ghar1                    |     0.001 |
|       c                      |     0.001 |
|         U1                   |     0.001 |
|     ghar2                    |     0.001 |
|       c                      |     0.001 |
|         U1                   |     0.001 |
|     hist1                    |     0.001 |
|       c                      |     0.001 |
|         U1                   |     0.001 |
|     hist2                    |     0.001 |
|       c                      |     0.001 |
|         U1                   |     0.001 |
|     hist3                    |     0.001 |
|       c                      |     0.001 |
|         U1                   |     0.001 |
|     hist4                    |     0.001 |
|       c                      |     0.001 |
|         U1                   |     0.001 |
|     meow1                    |     0.001 |
|       c                      |     0.001 |
|         U1                   |     0.001 |
|     meow2                    |     0.001 |
|       c                      |     0.001 |
|         U1                   |     0.001 |
|     meow3                    |     0.001 |
|       c                      |     0.001 |
|         U1                   |     0.001 |
|     meow4                    |     0.001 |
|       c                      |     0.001 |
|         U1                   |     0.001 |
|     normal1                  |     0.001 |
|       c                      |     0.001 |
|         U1                   |     0.001 |
|     normal2                  |     0.001 |
|       c                      |     0.001 |
|         U1                   |     0.001 |
|     normal3                  |     0.001 |
|       c                      |     0.001 |
|         U1                   |     0.001 |
|     normal4                  |     0.001 |
|       c                      |     0.001 |
|         U1                   |     0.001 |
|     normalc1                 |     0.001 |
|       c                      |     0.001 |
|         U1                   |     0.001 |
|     normalc2                 |     0.001 |
|       c                      |     0.001 |
|         U1                   |     0.001 |
|     normalc3                 |     0.001 |
|       c                      |     0.001 |
|         U1                   |     0.001 |
|     normalc4                 |     0.001 |
|       c                      |     0.001 |
|         U1                   |     0.001 |
|     slow1                    |     0.001 |
|       c                      |     0.001 |
|         U1                   |     0.001 |
|     slow2                    |     0.001 |
|       c                      |     0.001 |
|         U1                   |     0.001 |
|     slow3                    |     0.001 |
|       c                      |     0.001 |
|         U1                   |     0.001 |
|     slow4                    |     0.001 |
|       c                      |     0.001 |
|         U1                   |     0.001 |
|     vol1                     |     0.001 |
|       c                      |     0.001 |
|         U1                   |     0.001 |
|     vol2                     |     0.001 |
|       c                      |     0.001 |
|         U1                   |     0.001 |
|     vol3                     |     0.001 |
|       c                      |     0.001 |
|         U1                   |     0.001 |
|     waveform1                |     0.001 |
|       c                      |     0.001 |
|         U1                   |     0.001 |
|     waveform2                |     0.001 |
|       c                      |     0.001 |
|         U1                   |     0.001 |
|     waveform3                |     0.001 |
|       c                      |     0.001 |
|         U1                   |     0.001 |
|     waveform4                |     0.001 |
|       c                      |     0.001 |
|         U1                   |     0.001 |
|     waveform5                |     0.001 |
|       c                      |     0.001 |
|         U1                   |     0.001 |
|   fc                         |     0.004 |
|   mc                         |     0.004 |
|     mc                       |     0.004 |
|       Inst_Ps2Interface      |     0.001 |
|   mode_s                     |     0.002 |
|     ctr                      |    <0.001 |
|       dff1                   |    <0.001 |
|       dff2                   |    <0.001 |
|     down                     |    <0.001 |
|       dff1                   |    <0.001 |
|       dff2                   |    <0.001 |
|     left                     |    <0.001 |
|       dff1                   |    <0.001 |
|       dff2                   |    <0.001 |
|     right                    |    <0.001 |
|       dff1                   |    <0.001 |
|       dff2                   |    <0.001 |
|     seg_d                    |    <0.001 |
|     up                       |    <0.001 |
|       dff1                   |    <0.001 |
|       dff2                   |    <0.001 |
|   mouseClk_IOBUF_inst        |     0.000 |
|   mouseData_IOBUF_inst       |     0.000 |
|   my_clk                     |    <0.001 |
|   sound_converter            |     0.006 |
|   vc                         |    <0.001 |
|   vga                        |     0.154 |
|     VGA_CLK_108M             |     0.124 |
|     VGA_CONTROL              |     0.030 |
|   wave                       |     0.002 |
|     memory_reg_0_63_0_2      |    <0.001 |
|     memory_reg_0_63_3_5      |    <0.001 |
|     memory_reg_0_63_6_8      |    <0.001 |
|     memory_reg_0_63_9_9      |    <0.001 |
|     memory_reg_1024_1087_0_2 |    <0.001 |
|     memory_reg_1024_1087_3_5 |    <0.001 |
|     memory_reg_1024_1087_6_8 |    <0.001 |
|     memory_reg_1024_1087_9_9 |    <0.001 |
|     memory_reg_1088_1151_0_2 |    <0.001 |
|     memory_reg_1088_1151_3_5 |    <0.001 |
|     memory_reg_1088_1151_6_8 |    <0.001 |
|     memory_reg_1088_1151_9_9 |    <0.001 |
|     memory_reg_1152_1215_0_2 |    <0.001 |
|     memory_reg_1152_1215_3_5 |    <0.001 |
|     memory_reg_1152_1215_6_8 |    <0.001 |
|     memory_reg_1152_1215_9_9 |    <0.001 |
|     memory_reg_1216_1279_0_2 |    <0.001 |
|     memory_reg_1216_1279_3_5 |    <0.001 |
|     memory_reg_1216_1279_6_8 |    <0.001 |
|     memory_reg_1216_1279_9_9 |    <0.001 |
|     memory_reg_128_191_0_2   |    <0.001 |
|     memory_reg_128_191_3_5   |    <0.001 |
|     memory_reg_128_191_6_8   |    <0.001 |
|     memory_reg_128_191_9_9   |    <0.001 |
|     memory_reg_192_255_0_2   |    <0.001 |
|     memory_reg_192_255_3_5   |    <0.001 |
|     memory_reg_192_255_6_8   |    <0.001 |
|     memory_reg_192_255_9_9   |    <0.001 |
|     memory_reg_256_319_0_2   |    <0.001 |
|     memory_reg_256_319_3_5   |    <0.001 |
|     memory_reg_256_319_6_8   |    <0.001 |
|     memory_reg_256_319_9_9   |    <0.001 |
|     memory_reg_320_383_0_2   |    <0.001 |
|     memory_reg_320_383_3_5   |    <0.001 |
|     memory_reg_320_383_6_8   |    <0.001 |
|     memory_reg_320_383_9_9   |    <0.001 |
|     memory_reg_384_447_0_2   |    <0.001 |
|     memory_reg_384_447_3_5   |    <0.001 |
|     memory_reg_384_447_6_8   |    <0.001 |
|     memory_reg_384_447_9_9   |    <0.001 |
|     memory_reg_448_511_0_2   |    <0.001 |
|     memory_reg_448_511_3_5   |    <0.001 |
|     memory_reg_448_511_6_8   |    <0.001 |
|     memory_reg_448_511_9_9   |    <0.001 |
|     memory_reg_512_575_0_2   |    <0.001 |
|     memory_reg_512_575_3_5   |    <0.001 |
|     memory_reg_512_575_6_8   |    <0.001 |
|     memory_reg_512_575_9_9   |    <0.001 |
|     memory_reg_576_639_0_2   |    <0.001 |
|     memory_reg_576_639_3_5   |    <0.001 |
|     memory_reg_576_639_6_8   |    <0.001 |
|     memory_reg_576_639_9_9   |    <0.001 |
|     memory_reg_640_703_0_2   |    <0.001 |
|     memory_reg_640_703_3_5   |    <0.001 |
|     memory_reg_640_703_6_8   |    <0.001 |
|     memory_reg_640_703_9_9   |    <0.001 |
|     memory_reg_64_127_0_2    |    <0.001 |
|     memory_reg_64_127_3_5    |    <0.001 |
|     memory_reg_64_127_6_8    |    <0.001 |
|     memory_reg_64_127_9_9    |    <0.001 |
|     memory_reg_704_767_0_2   |    <0.001 |
|     memory_reg_704_767_3_5   |    <0.001 |
|     memory_reg_704_767_6_8   |    <0.001 |
|     memory_reg_704_767_9_9   |    <0.001 |
|     memory_reg_768_831_0_2   |    <0.001 |
|     memory_reg_768_831_3_5   |    <0.001 |
|     memory_reg_768_831_6_8   |    <0.001 |
|     memory_reg_768_831_9_9   |    <0.001 |
|     memory_reg_832_895_0_2   |    <0.001 |
|     memory_reg_832_895_3_5   |    <0.001 |
|     memory_reg_832_895_6_8   |    <0.001 |
|     memory_reg_832_895_9_9   |    <0.001 |
|     memory_reg_896_959_0_2   |    <0.001 |
|     memory_reg_896_959_3_5   |    <0.001 |
|     memory_reg_896_959_6_8   |    <0.001 |
|     memory_reg_896_959_9_9   |    <0.001 |
|     memory_reg_960_1023_0_2  |    <0.001 |
|     memory_reg_960_1023_3_5  |    <0.001 |
|     memory_reg_960_1023_6_8  |    <0.001 |
|     memory_reg_960_1023_9_9  |    <0.001 |
|   wave_c                     |     0.008 |
|   wave_h                     |     0.054 |
+------------------------------+-----------+


