#-----------------------------------------------------------
# Vivado v2018.2 (64-bit)
# SW Build 2258646 on Thu Jun 14 20:03:12 MDT 2018
# IP Build 2256618 on Thu Jun 14 22:10:49 MDT 2018
# Start of session at: Fri Apr  5 17:18:15 2019
# Process ID: 9464
# Current directory: D:/NUS/ee2026lab/EE2026_project_old
# Command line: vivado.exe -gui_launcher_event rodinguilauncherevent18540 D:\NUS\ee2026lab\EE2026_project_old\EE2026_project_old.xpr
# Log file: D:/NUS/ee2026lab/EE2026_project_old/vivado.log
# Journal file: D:/NUS/ee2026lab/EE2026_project_old\vivado.jou
#-----------------------------------------------------------
start_gui
open_project D:/NUS/ee2026lab/EE2026_project_old/EE2026_project_old.xpr
Scanning sources...
Finished scanning sources
INFO: [IP_Flow 19-234] Refreshing IP repositories
INFO: [IP_Flow 19-1704] No user IP repositories specified
INFO: [IP_Flow 19-2313] Loaded Vivado IP repository 'D:/VivadoHLX/Vivado/2018.2/data/ip'.
open_project: Time (s): cpu = 00:00:29 ; elapsed = 00:00:26 . Memory (MB): peak = 837.148 ; gain = 88.996
updatINFO: [Common 17-206] Exiting Vivadopen_hw
connect_hw_server
INFO: [Labtools 27-2285] Connecting to hw_server url TCP:localhost:3121
INFO: [Labtools 27-2222] Launching hw_server...
INFO: [Labtools 27-2221] Launch Output:

****** Xilinx hw_server v2018.2
  **** Build date : Jun 14 2018-20:42:52
    ** Copyright 1986-2018 Xilinx, Inc. All Rights Reserved.


open_hw_target
INFO: [Labtoolstcl 44-466] Opening hw_target localhost:3121/xilinx_tcf/Digilent/210183756765A
set_property PROGRAM.FILE {D:/NUS/ee2026lab/EE2026_project_old/EE2026_project_old.runs/impl_1/Voice_Scope_TOP.bit} [get_hw_devices xc7a35t_0]
current_hw_device [get_hw_devices xc7a35t_0]
refresh_hw_device -update_hw_probes false [lindex [get_hw_devices xc7a35t_0] 0]
INFO: [Labtools 27-1434] Device xc7a35t (JTAG device index = 0) is programmed with a design that has no supported debug core(s) in it.
WARNING: [Labtools 27-3361] The debug hub core was not detected.
Resolution: 
1. Make sure the clock connected to the debug hub (dbg_hub) core is a free running clock and is active.
2. Make sure the BSCAN_SWITCH_USER_MASK device property in Vivado Hardware Manager reflects the user scan chain setting in the design and refresh the device.  To determine the user scan chain setting in the design, open the implemented design and use 'get_property C_USER_SCAN_CHAIN [get_debug_cores dbg_hub]'.
For more details on setting the scan chain property, consult the Vivado Debug and Programming User Guide (UG908).
set_property PROBES.FILE {} [get_hw_devices xc7a35t_0]
set_property FULL_PROBES.FILE {} [get_hw_devices xc7a35t_0]
set_property PROGRAM.FILE {D:/NUS/ee2026lab/EE2026_project_old/EE2026_project_old.runs/impl_1/Voice_Scope_TOP.bit} [get_hw_devices xc7a35t_0]
program_hw_devices [get_hw_devices xc7a35t_0]
INFO: [Labtools 27-3164] End of startup status: HIGH
refresh_hw_device [lindex [get_hw_devices xc7a35t_0] 0]
INFO: [Labtools 27-1434] Device xc7a35t (JTAG device index = 0) is programmed with a design that has no supported debug core(s) in it.
WARNING: [Labtools 27-3361] The debug hub core was not detected.
Resolution: 
1. Make sure the clock connected to the debug hub (dbg_hub) core is a free running clock and is active.
2. Make sure the BSCAN_SWITCH_USER_MASK device property in Vivado Hardware Manager reflects the user scan chain setting in the design and refresh the device.  To determine the user scan chain setting in the design, open the implemented design and use 'get_property C_USER_SCAN_CHAIN [get_debug_cores dbg_hub]'.
For more details on setting the scan chain property, consult the Vivado Debug and Programming User Guide (UG908).
close [ open D:/NUS/ee2026lab/EE2026_project_old/EE2026_project_old.srcs/sources_1/new/Draw_Mao.v w ]
add_files D:/NUS/ee2026lab/EE2026_project_old/EE2026_project_old.srcs/sources_1/new/Draw_Mao.v
update_compile_order -fileset sources_1
reset_run synth_1
WARNING: [Vivado 12-1017] Problems encountered:
1. Failed to delete one or more files in run directory D:/NUS/ee2026lab/EE2026_project_old/EE2026_project_old.runs/synth_1

launch_runs impl_1 -to_step write_bitstream -jobs 12
[Fri Apr  5 17:32:36 2019] Launched synth_1...
Run output will be captured here: D:/NUS/ee2026lab/EE2026_project_old/EE2026_project_old.runs/synth_1/runme.log
[Fri Apr  5 17:32:36 2019] Launched impl_1...
Run output will be captured here: D:/NUS/ee2026lab/EE2026_project_old/EE2026_project_old.runs/impl_1/runme.log
reset_run synth_1
WARNING: [Vivado 12-1017] Problems encountered:
1. Failed to delete one or more files in run directory D:/NUS/ee2026lab/EE2026_project_old/EE2026_project_old.runs/synth_1

launch_runs impl_1 -to_step write_bitstream -jobs 12
[Fri Apr  5 17:33:31 2019] Launched synth_1...
Run output will be captured here: D:/NUS/ee2026lab/EE2026_project_old/EE2026_project_old.runs/synth_1/runme.log
[Fri Apr  5 17:33:31 2019] Launched impl_1...
Run output will be captured here: D:/NUS/ee2026lab/EE2026_project_old/EE2026_project_old.runs/impl_1/runme.log
INFO: [Labtoolstcl 44-466] Opening hw_target localhost:3121/xilinx_tcf/Digilent/210183756765A
INFO: [Labtools 27-1434] Device xc7a35t (JTAG device index = 0) is programmed with a design that has no supported debug core(s) in it.
WARNING: [Labtools 27-3361] The debug hub core was not detected.
Resolution: 
1. Make sure the clock connected to the debug hub (dbg_hub) core is a free running clock and is active.
2. Make sure the BSCAN_SWITCH_USER_MASK device property in Vivado Hardware Manager reflects the user scan chain setting in the design and refresh the device.  To determine the user scan chain setting in the design, open the implemented design and use 'get_property C_USER_SCAN_CHAIN [get_debug_cores dbg_hub]'.
For more details on setting the scan chain property, consult the Vivado Debug and Programming User Guide (UG908).
WARNING: [Labtoolstcl 44-129] No matching hw_ila_data was found.
INFO: [Labtoolstcl 44-466] Opening hw_target localhost:3121/xilinx_tcf/Digilent/210183756765A
INFO: [Labtools 27-1434] Device xc7a35t (JTAG device index = 0) is programmed with a design that has no supported debug core(s) in it.
WARNING: [Labtools 27-3361] The debug hub core was not detected.
Resolution: 
1. Make sure the clock connected to the debug hub (dbg_hub) core is a free running clock and is active.
2. Make sure the BSCAN_SWITCH_USER_MASK device property in Vivado Hardware Manager reflects the user scan chain setting in the design and refresh the device.  To determine the user scan chain setting in the design, open the implemented design and use 'get_property C_USER_SCAN_CHAIN [get_debug_cores dbg_hub]'.
For more details on setting the scan chain property, consult the Vivado Debug and Programming User Guide (UG908).
WARNING: [Labtoolstcl 44-129] No matching hw_ila_data was found.
INFO: [Labtoolstcl 44-466] Opening hw_target localhost:3121/xilinx_tcf/Digilent/210183756765A
INFO: [Labtools 27-1434] Device xc7a35t (JTAG device index = 0) is programmed with a design that has no supported debug core(s) in it.
WARNING: [Labtools 27-3361] The debug hub core was not detected.
Resolution: 
1. Make sure the clock connected to the debug hub (dbg_hub) core is a free running clock and is active.
2. Make sure the BSCAN_SWITCH_USER_MASK device property in Vivado Hardware Manager reflects the user scan chain setting in the design and refresh the device.  To determine the user scan chain setting in the design, open the implemented design and use 'get_property C_USER_SCAN_CHAIN [get_debug_cores dbg_hub]'.
For more details on setting the scan chain property, consult the Vivado Debug and Programming User Guide (UG908).
WARNING: [Labtoolstcl 44-129] No matching hw_ila_data was found.
set_property PROBES.FILE {} [get_hw_devices xc7a35t_0]
set_property FULL_PROBES.FILE {} [get_hw_devices xc7a35t_0]
set_property PROGRAM.FILE {D:/NUS/ee2026lab/EE2026_project_old/EE2026_project_old.runs/impl_1/Voice_Scope_TOP.bit} [get_hw_devices xc7a35t_0]
program_hw_devices [get_hw_devices xc7a35t_0]
INFO: [Labtools 27-3164] End of startup status: HIGH
refresh_hw_device [lindex [get_hw_devices xc7a35t_0] 0]
INFO: [Labtools 27-1434] Device xc7a35t (JTAG device index = 0) is programmed with a design that has no supported debug core(s) in it.
WARNING: [Labtools 27-3361] The debug hub core was not detected.
Resolution: 
1. Make sure the clock connected to the debug hub (dbg_hub) core is a free running clock and is active.
2. Make sure the BSCAN_SWITCH_USER_MASK device property in Vivado Hardware Manager reflects the user scan chain setting in the design and refresh the device.  To determine the user scan chain setting in the design, open the implemented design and use 'get_property C_USER_SCAN_CHAIN [get_debug_cores dbg_hub]'.
For more details on setting the scan chain property, consult the Vivado Debug and Programming User Guide (UG908).
close_hw
reset_run synth_1
WARNING: [Vivado 12-1017] Problems encountered:
1. Failed to delete one or more files in run directory D:/NUS/ee2026lab/EE2026_project_old/EE2026_project_old.runs/synth_1

launch_runs impl_1 -to_step write_bitstream -jobs 12
[Fri Apr  5 17:53:45 2019] Launched synth_1...
Run output will be captured here: D:/NUS/ee2026lab/EE2026_project_old/EE2026_project_old.runs/synth_1/runme.log
[Fri Apr  5 17:53:45 2019] Launched impl_1...
Run output will be captured here: D:/NUS/ee2026lab/EE2026_project_old/EE2026_project_old.runs/impl_1/runme.log
reset_run synth_1
WARNING: [Vivado 12-1017] Problems encountered:
1. Failed to delete one or more files in run directory D:/NUS/ee2026lab/EE2026_project_old/EE2026_project_old.runs/synth_1

launch_runs impl_1 -to_step write_bitstream -jobs 12
[Fri Apr  5 17:56:26 2019] Launched synth_1...
Run output will be captured here: D:/NUS/ee2026lab/EE2026_project_old/EE2026_project_old.runs/synth_1/runme.log
[Fri Apr  5 17:56:26 2019] Launched impl_1...
Run output will be captured here: D:/NUS/ee2026lab/EE2026_project_old/EE2026_project_old.runs/impl_1/runme.log
open_hw
connect_hw_server
INFO: [Labtools 27-2285] Connecting to hw_server url TCP:localhost:3121
INFO: [Labtools 27-2222] Launching hw_server...
INFO: [Labtools 27-2221] Launch Output:

****** Xilinx hw_server v2018.2
  **** Build date : Jun 14 2018-20:42:52
    ** Copyright 1986-2018 Xilinx, Inc. All Rights Reserved.


disconnect_hw_server localhost:3121
connect_hw_server
INFO: [Labtools 27-2285] Connecting to hw_server url TCP:localhost:3121
disconnect_hw_server localhost:3121
connect_hw_server
INFO: [Labtools 27-2285] Connecting to hw_server url TCP:localhost:3121
open_hw_target
INFO: [Labtoolstcl 44-466] Opening hw_target localhost:3121/xilinx_tcf/Digilent/210183756765A
set_property PROGRAM.FILE {D:/NUS/ee2026lab/EE2026_project_old/EE2026_project_old.runs/impl_1/Voice_Scope_TOP.bit} [get_hw_devices xc7a35t_0]
current_hw_device [get_hw_devices xc7a35t_0]
refresh_hw_device -update_hw_probes false [lindex [get_hw_devices xc7a35t_0] 0]
INFO: [Labtools 27-1434] Device xc7a35t (JTAG device index = 0) is programmed with a design that has no supported debug core(s) in it.
WARNING: [Labtools 27-3361] The debug hub core was not detected.
Resolution: 
1. Make sure the clock connected to the debug hub (dbg_hub) core is a free running clock and is active.
2. Make sure the BSCAN_SWITCH_USER_MASK device property in Vivado Hardware Manager reflects the user scan chain setting in the design and refresh the device.  To determine the user scan chain setting in the design, open the implemented design and use 'get_property C_USER_SCAN_CHAIN [get_debug_cores dbg_hub]'.
For more details on setting the scan chain property, consult the Vivado Debug and Programming User Guide (UG908).
set_property PROBES.FILE {} [get_hw_devices xc7a35t_0]
set_property FULL_PROBES.FILE {} [get_hw_devices xc7a35t_0]
set_property PROGRAM.FILE {D:/NUS/ee2026lab/EE2026_project_old/EE2026_project_old.runs/impl_1/Voice_Scope_TOP.bit} [get_hw_devices xc7a35t_0]
program_hw_devices [get_hw_devices xc7a35t_0]
INFO: [Labtools 27-3164] End of startup status: HIGH
refresh_hw_device [lindex [get_hw_devices xc7a35t_0] 0]
INFO: [Labtools 27-1434] Device xc7a35t (JTAG device index = 0) is programmed with a design that has no supported debug core(s) in it.
WARNING: [Labtools 27-3361] The debug hub core was not detected.
Resolution: 
1. Make sure the clock connected to the debug hub (dbg_hub) core is a free running clock and is active.
2. Make sure the BSCAN_SWITCH_USER_MASK device property in Vivado Hardware Manager reflects the user scan chain setting in the design and refresh the device.  To determine the user scan chain setting in the design, open the implemented design and use 'get_property C_USER_SCAN_CHAIN [get_debug_cores dbg_hub]'.
For more details on setting the scan chain property, consult the Vivado Debug and Programming User Guide (UG908).
reset_run synth_1
WARNING: [Vivado 12-1017] Problems encountered:
1. Failed to delete one or more files in run directory D:/NUS/ee2026lab/EE2026_project_old/EE2026_project_old.runs/synth_1

launch_runs impl_1 -to_step write_bitstream -jobs 12
[Fri Apr  5 18:16:27 2019] Launched synth_1...
Run output will be captured here: D:/NUS/ee2026lab/EE2026_project_old/EE2026_project_old.runs/synth_1/runme.log
[Fri Apr  5 18:16:27 2019] Launched impl_1...
Run output will be captured here: D:/NUS/ee2026lab/EE2026_project_old/EE2026_project_old.runs/impl_1/runme.log
reset_run synth_1
WARNING: [Vivado 12-1017] Problems encountered:
1. Failed to delete one or more files in run directory D:/NUS/ee2026lab/EE2026_project_old/EE2026_project_old.runs/synth_1

launch_runs impl_1 -to_step write_bitstream -jobs 12
[Fri Apr  5 18:17:36 2019] Launched synth_1...
Run output will be captured here: D:/NUS/ee2026lab/EE2026_project_old/EE2026_project_old.runs/synth_1/runme.log
[Fri Apr  5 18:17:36 2019] Launched impl_1...
Run output will be captured here: D:/NUS/ee2026lab/EE2026_project_old/EE2026_project_old.runs/impl_1/runme.log
close [ open D:/NUS/ee2026lab/EE2026_project_old/EE2026_project_old.srcs/sources_1/new/nyan_clk.v w ]
add_files D:/NUS/ee2026lab/EE2026_project_old/EE2026_project_old.srcs/sources_1/new/nyan_clk.v
update_compile_order -fileset sources_1
update_compile_order -fileset sources_1
get_para
ERROR: [Common 17-163] Missing value for option 'name', please type 'get_param -help' for usage info.
get_param general.maxThreads
2
set_param general.maxThreads 8
8
set_param general.maxThreads 12
ERROR: [Common 17-154] Value should be >= 1 and <= 8
get_param synthesis.maxThreads
ERROR: [Common 17-153] Param 'synthesis.maxThreads' does not exist
set_property PROBES.FILE {} [get_hw_devices xc7a35t_0]
set_property FULL_PROBES.FILE {} [get_hw_devices xc7a35t_0]
set_property PROGRAM.FILE {D:/NUS/ee2026lab/EE2026_project_old/EE2026_project_old.runs/impl_1/Voice_Scope_TOP.bit} [get_hw_devices xc7a35t_0]
program_hw_devices [get_hw_devices xc7a35t_0]
INFO: [Labtools 27-3164] End of startup status: HIGH
refresh_hw_device [lindex [get_hw_devices xc7a35t_0] 0]
INFO: [Labtools 27-1434] Device xc7a35t (JTAG device index = 0) is programmed with a design that has no supported debug core(s) in it.
WARNING: [Labtools 27-3361] The debug hub core was not detected.
Resolution: 
1. Make sure the clock connected to the debug hub (dbg_hub) core is a free running clock and is active.
2. Make sure the BSCAN_SWITCH_USER_MASK device property in Vivado Hardware Manager reflects the user scan chain setting in the design and refresh the device.  To determine the user scan chain setting in the design, open the implemented design and use 'get_property C_USER_SCAN_CHAIN [get_debug_cores dbg_hub]'.
For more details on setting the scan chain property, consult the Vivado Debug and Programming User Guide (UG908).
reset_run synth_1
WARNING: [Vivado 12-1017] Problems encountered:
1. Failed to delete one or more files in run directory D:/NUS/ee2026lab/EE2026_project_old/EE2026_project_old.runs/synth_1

launch_runs impl_1 -to_step write_bitstream -jobs 12
[Fri Apr  5 18:34:33 2019] Launched synth_1...
Run output will be captured here: D:/NUS/ee2026lab/EE2026_project_old/EE2026_project_old.runs/synth_1/runme.log
[Fri Apr  5 18:34:33 2019] Launched impl_1...
Run output will be captured here: D:/NUS/ee2026lab/EE2026_project_old/EE2026_project_old.runs/impl_1/runme.log
reset_run synth_1
WARNING: [Vivado 12-1017] Problems encountered:
1. Failed to delete one or more files in run directory D:/NUS/ee2026lab/EE2026_project_old/EE2026_project_old.runs/synth_1

launch_runs impl_1 -to_step write_bitstream -jobs 12
[Fri Apr  5 18:36:42 2019] Launched synth_1...
Run output will be captured here: D:/NUS/ee2026lab/EE2026_project_old/EE2026_project_old.runs/synth_1/runme.log
[Fri Apr  5 18:36:42 2019] Launched impl_1...
Run output will be captured here: D:/NUS/ee2026lab/EE2026_project_old/EE2026_project_old.runs/impl_1/runme.log
get_param synth.maxThread
ERROR: [Common 17-153] Param 'synth.maxThread' does not exist
get_param synth.maxThreads
4
set_param synth.maxThread 8
ERROR: [Common 17-153] Param 'synth.maxThread' does not exist
set_param synth.maxThreads 8
8
get_param impl.maxThreads 8
ERROR: [Common 17-165] Too many positional options when parsing '8', please type 'get_param -help' for usage info.
get_param impl.maxThreads
ERROR: [Common 17-153] Param 'impl.maxThreads' does not exist
get_param implement.maxThreads
ERROR: [Common 17-153] Param 'implement.maxThreads' does not exist
reset_run impl_1
update_compile_order -fileset sources_1
exit
INFO: [Common 17-206] Exiting Vivado at Fri Apr  5 18:56:39 2019...
