Copyright 1986-2018 Xilinx, Inc. All Rights Reserved.
-------------------------------------------------------------------------------------------------------------------------------------------------------------------
| Tool Version     : Vivado v.2018.2 (win64) Build 2258646 Thu Jun 14 20:03:12 MDT 2018
| Date             : Thu Apr  4 13:00:04 2019
| Host             : LAPTOP-MNQMD5TA running 64-bit major release  (build 9200)
| Command          : report_power -file Voice_Scope_TOP_power_routed.rpt -pb Voice_Scope_TOP_power_summary_routed.pb -rpx Voice_Scope_TOP_power_routed.rpx
| Design           : Voice_Scope_TOP
| Device           : xc7a35tcpg236-1
| Design State     : routed
| Grade            : commercial
| Process          : typical
| Characterization : Production
-------------------------------------------------------------------------------------------------------------------------------------------------------------------

Power Report

Table of Contents
-----------------
1. Summary
1.1 On-Chip Components
1.2 Power Supply Summary
1.3 Confidence Level
2. Settings
2.1 Environment
2.2 Clock Constraints
3. Detailed Reports
3.1 By Hierarchy

1. Summary
----------

+--------------------------+--------------+
| Total On-Chip Power (W)  | 0.369        |
| Design Power Budget (W)  | Unspecified* |
| Power Budget Margin (W)  | NA           |
| Dynamic (W)              | 0.295        |
| Device Static (W)        | 0.074        |
| Effective TJA (C/W)      | 5.0          |
| Max Ambient (C)          | 83.2         |
| Junction Temperature (C) | 26.8         |
| Confidence Level         | Low          |
| Setting File             | ---          |
| Simulation Activity File | ---          |
| Design Nets Matched      | NA           |
+--------------------------+--------------+
* Specify Design Power Budget using, set_operating_conditions -design_power_budget <value in Watts>


1.1 On-Chip Components
----------------------

+----------------+-----------+----------+-----------+-----------------+
| On-Chip        | Power (W) | Used     | Available | Utilization (%) |
+----------------+-----------+----------+-----------+-----------------+
| Clocks         |     0.011 |        5 |       --- |             --- |
| Slice Logic    |     0.041 |    25064 |       --- |             --- |
|   LUT as Logic |     0.036 |     5971 |     20800 |           28.71 |
|   F7/F8 Muxes  |     0.003 |     2488 |     32600 |            7.63 |
|   CARRY4       |     0.002 |      554 |      8150 |            6.80 |
|   Register     |    <0.001 |    14813 |     41600 |           35.61 |
|   BUFG         |    <0.001 |        2 |        32 |            6.25 |
|   Others       |     0.000 |      303 |       --- |             --- |
| Signals        |     0.053 |    18692 |       --- |             --- |
| Block RAM      |     0.056 |     27.5 |        50 |           55.00 |
| MMCM           |     0.123 |        1 |         5 |           20.00 |
| I/O            |     0.009 |       51 |       106 |           48.11 |
| Static Power   |     0.074 |          |           |                 |
| Total          |     0.369 |          |           |                 |
+----------------+-----------+----------+-----------+-----------------+


1.2 Power Supply Summary
------------------------

+-----------+-------------+-----------+-------------+------------+
| Source    | Voltage (V) | Total (A) | Dynamic (A) | Static (A) |
+-----------+-------------+-----------+-------------+------------+
| Vccint    |       1.000 |     0.170 |       0.159 |      0.011 |
| Vccaux    |       1.800 |     0.081 |       0.069 |      0.013 |
| Vcco33    |       3.300 |     0.004 |       0.003 |      0.001 |
| Vcco25    |       2.500 |     0.000 |       0.000 |      0.000 |
| Vcco18    |       1.800 |     0.000 |       0.000 |      0.000 |
| Vcco15    |       1.500 |     0.000 |       0.000 |      0.000 |
| Vcco135   |       1.350 |     0.000 |       0.000 |      0.000 |
| Vcco12    |       1.200 |     0.000 |       0.000 |      0.000 |
| Vccaux_io |       1.800 |     0.000 |       0.000 |      0.000 |
| Vccbram   |       1.000 |     0.005 |       0.004 |      0.001 |
| MGTAVcc   |       1.000 |     0.000 |       0.000 |      0.000 |
| MGTAVtt   |       1.200 |     0.000 |       0.000 |      0.000 |
| Vccadc    |       1.800 |     0.020 |       0.000 |      0.020 |
+-----------+-------------+-----------+-------------+------------+


1.3 Confidence Level
--------------------

+-----------------------------+------------+--------------------------------------------------------+--------------------------------------------------------------------------------------------------------------------+
| User Input Data             | Confidence | Details                                                | Action                                                                                                             |
+-----------------------------+------------+--------------------------------------------------------+--------------------------------------------------------------------------------------------------------------------+
| Design implementation state | High       | Design is routed                                       |                                                                                                                    |
| Clock nodes activity        | Low        | User specified less than 75% of clocks                 | Provide missing clock activity with a constraint file, simulation results or by editing the "By Clock Domain" view |
| I/O nodes activity          | Low        | More than 75% of inputs are missing user specification | Provide missing input activity with simulation results or by editing the "By Resource Type -> I/Os" view           |
| Internal nodes activity     | Medium     | User specified less than 25% of internal nodes         | Provide missing internal nodes activity with simulation results or by editing the "By Resource Type" views         |
| Device models               | High       | Device models are Production                           |                                                                                                                    |
|                             |            |                                                        |                                                                                                                    |
| Overall confidence level    | Low        |                                                        |                                                                                                                    |
+-----------------------------+------------+--------------------------------------------------------+--------------------------------------------------------------------------------------------------------------------+


2. Settings
-----------

2.1 Environment
---------------

+-----------------------+--------------------------+
| Ambient Temp (C)      | 25.0                     |
| ThetaJA (C/W)         | 5.0                      |
| Airflow (LFM)         | 250                      |
| Heat Sink             | medium (Medium Profile)  |
| ThetaSA (C/W)         | 4.6                      |
| Board Selection       | medium (10"x10")         |
| # of Board Layers     | 12to15 (12 to 15 Layers) |
| Board Temperature (C) | 25.0                     |
+-----------------------+--------------------------+


2.2 Clock Constraints
---------------------

+--------------------+-------------------------------------+-----------------+
| Clock              | Domain                              | Constraint (ns) |
+--------------------+-------------------------------------+-----------------+
| clk_out1_clk_wiz_0 | vga/VGA_CLK_108M/clk_out1_clk_wiz_0 |             9.3 |
| clkfbout_clk_wiz_0 | vga/VGA_CLK_108M/clkfbout_clk_wiz_0 |            10.0 |
| sys_clk_pin        | CLOCK                               |            10.0 |
+--------------------+-------------------------------------+-----------------+


3. Detailed Reports
-------------------

3.1 By Hierarchy
----------------

+-------------------------+-----------+
| Name                    | Power (W) |
+-------------------------+-----------+
| Voice_Scope_TOP         |     0.295 |
|   clk_30                |    <0.001 |
|   cs                    |    <0.001 |
|   dbg                   |     0.058 |
|     ahar1               |     0.001 |
|       c                 |     0.001 |
|         U1              |     0.001 |
|     ahar10              |     0.001 |
|       c                 |     0.001 |
|         U1              |     0.001 |
|     ahar11              |     0.001 |
|       c                 |     0.001 |
|         U1              |     0.001 |
|     ahar12              |     0.001 |
|       c                 |     0.001 |
|         U1              |     0.001 |
|     ahar13              |     0.001 |
|       c                 |     0.001 |
|         U1              |     0.001 |
|     ahar14              |     0.001 |
|       c                 |     0.001 |
|         U1              |     0.001 |
|     ahar15              |     0.001 |
|       c                 |     0.001 |
|         U1              |     0.001 |
|     ahar2               |     0.001 |
|       c                 |     0.001 |
|         U1              |     0.001 |
|     ahar3               |     0.001 |
|       c                 |     0.001 |
|         U1              |     0.001 |
|     ahar4               |     0.001 |
|       c                 |     0.001 |
|         U1              |     0.001 |
|     ahar5               |     0.001 |
|       c                 |     0.001 |
|         U1              |     0.001 |
|     ahar6               |     0.001 |
|       c                 |     0.001 |
|         U1              |     0.001 |
|     ahar7               |     0.001 |
|       c                 |     0.001 |
|         U1              |     0.001 |
|     ahar8               |     0.001 |
|       c                 |     0.001 |
|         U1              |     0.001 |
|     ahar9               |     0.001 |
|       c                 |     0.001 |
|         U1              |     0.001 |
|     char1               |     0.001 |
|       c                 |     0.001 |
|         U1              |     0.001 |
|     char2               |     0.001 |
|       c                 |     0.001 |
|         U1              |     0.001 |
|     char3               |     0.001 |
|       c                 |     0.001 |
|         U1              |     0.001 |
|     char4               |     0.001 |
|       c                 |     0.001 |
|         U1              |     0.001 |
|     char5               |     0.001 |
|       c                 |     0.001 |
|         U1              |     0.001 |
|     char6               |     0.001 |
|       c                 |     0.001 |
|         U1              |     0.001 |
|     char7               |     0.001 |
|       c                 |     0.001 |
|         U1              |     0.001 |
|     char8               |     0.001 |
|       c                 |     0.001 |
|         U1              |     0.001 |
|     dhar1               |     0.001 |
|       c                 |     0.001 |
|         U1              |     0.001 |
|     dhar2               |     0.001 |
|       c                 |     0.001 |
|         U1              |     0.001 |
|     dhar3               |     0.001 |
|       c                 |     0.001 |
|         U1              |     0.001 |
|     dhar4               |     0.001 |
|       c                 |     0.001 |
|         U1              |     0.001 |
|     dhar5               |     0.001 |
|       c                 |     0.001 |
|         U1              |     0.001 |
|     dhar6               |     0.001 |
|       c                 |     0.001 |
|         U1              |     0.001 |
|     dhar7               |     0.001 |
|       c                 |     0.001 |
|         U1              |     0.001 |
|     dhar8               |     0.001 |
|       c                 |     0.001 |
|         U1              |     0.001 |
|     ehar1               |     0.001 |
|       c                 |     0.001 |
|         U1              |     0.001 |
|     ehar2               |     0.001 |
|       c                 |     0.001 |
|         U1              |     0.001 |
|     ehar3               |     0.001 |
|       c                 |     0.001 |
|         U1              |     0.001 |
|     ehar4               |     0.001 |
|       c                 |     0.001 |
|         U1              |     0.001 |
|     ehar5               |     0.001 |
|       c                 |     0.001 |
|         U1              |     0.001 |
|     ehar6               |     0.001 |
|       c                 |     0.001 |
|         U1              |     0.001 |
|     ehar7               |     0.001 |
|       c                 |     0.001 |
|         U1              |     0.001 |
|     ehar8               |     0.001 |
|       c                 |     0.001 |
|         U1              |     0.001 |
|     fhar1               |     0.001 |
|       c                 |     0.001 |
|         U1              |     0.001 |
|     fhar2               |     0.001 |
|       c                 |     0.001 |
|         U1              |     0.001 |
|     fhar3               |     0.001 |
|       c                 |     0.001 |
|         U1              |     0.001 |
|     fhar4               |     0.001 |
|       c                 |     0.001 |
|         U1              |     0.001 |
|     fhar5               |     0.001 |
|       c                 |     0.001 |
|         U1              |     0.001 |
|     fhar6               |     0.001 |
|       c                 |     0.001 |
|         U1              |     0.001 |
|     fhar7               |     0.001 |
|       c                 |     0.001 |
|         U1              |     0.001 |
|     fhar8               |     0.001 |
|       c                 |     0.001 |
|         U1              |     0.001 |
|     ghar1               |     0.001 |
|       c                 |     0.001 |
|         U1              |     0.001 |
|     ghar2               |     0.001 |
|       c                 |     0.001 |
|         U1              |     0.001 |
|     ghar3               |     0.001 |
|       c                 |     0.001 |
|         U1              |     0.001 |
|     ghar4               |     0.001 |
|       c                 |     0.001 |
|         U1              |     0.001 |
|     ghar5               |     0.001 |
|       c                 |     0.001 |
|         U1              |     0.001 |
|     ghar6               |     0.001 |
|       c                 |     0.001 |
|         U1              |     0.001 |
|     ghar7               |     0.001 |
|       c                 |     0.001 |
|         U1              |     0.001 |
|     ghar8               |     0.001 |
|       c                 |     0.001 |
|         U1              |     0.001 |
|   fc                    |     0.020 |
|   mc                    |     0.004 |
|     mc                  |     0.004 |
|       Inst_Ps2Interface |     0.001 |
|   mode_s                |     0.001 |
|     ctr                 |    <0.001 |
|       dff1              |    <0.001 |
|       dff2              |    <0.001 |
|     down                |    <0.001 |
|       dff1              |    <0.001 |
|       dff2              |    <0.001 |
|     left                |    <0.001 |
|       dff1              |    <0.001 |
|       dff2              |    <0.001 |
|     right               |    <0.001 |
|       dff1              |    <0.001 |
|       dff2              |    <0.001 |
|     seg_d               |    <0.001 |
|     up                  |    <0.001 |
|       dff1              |    <0.001 |
|       dff2              |    <0.001 |
|   mouseClk_IOBUF_inst   |     0.000 |
|   mouseData_IOBUF_inst  |     0.000 |
|   my_clk                |    <0.001 |
|   sound_converter       |     0.007 |
|   vc                    |    <0.001 |
|   vga                   |     0.155 |
|     VGA_CLK_108M        |     0.124 |
|     VGA_CONTROL         |     0.031 |
|   wave_h                |     0.029 |
+-------------------------+-----------+


